22-Jan-2016 09:33:40.024 INFO [main] org.apache.catalina.startup.VersionLoggerListener.log Server version:        Apache Tomcat/8.0.24
22-Jan-2016 09:33:40.025 INFO [main] org.apache.catalina.startup.VersionLoggerListener.log Server built:          Jul 1 2015 20:19:55 UTC
22-Jan-2016 09:33:40.025 INFO [main] org.apache.catalina.startup.VersionLoggerListener.log Server number:         8.0.24.0
22-Jan-2016 09:33:40.025 INFO [main] org.apache.catalina.startup.VersionLoggerListener.log OS Name:               Windows 7
22-Jan-2016 09:33:40.025 INFO [main] org.apache.catalina.startup.VersionLoggerListener.log OS Version:            6.1
22-Jan-2016 09:33:40.025 INFO [main] org.apache.catalina.startup.VersionLoggerListener.log Architecture:          amd64
22-Jan-2016 09:33:40.025 INFO [main] org.apache.catalina.startup.VersionLoggerListener.log Java Home:             C:\Program Files\Java\jdk1.8.0_60\jre
22-Jan-2016 09:33:40.026 INFO [main] org.apache.catalina.startup.VersionLoggerListener.log JVM Version:           1.8.0_60-b27
22-Jan-2016 09:33:40.026 INFO [main] org.apache.catalina.startup.VersionLoggerListener.log JVM Vendor:            Oracle Corporation
22-Jan-2016 09:33:40.026 INFO [main] org.apache.catalina.startup.VersionLoggerListener.log CATALINA_BASE:         C:\MyJSP\Tomcat 8.0
22-Jan-2016 09:33:40.026 INFO [main] org.apache.catalina.startup.VersionLoggerListener.log CATALINA_HOME:         C:\MyJSP\Tomcat 8.0
22-Jan-2016 09:33:40.026 INFO [main] org.apache.catalina.startup.VersionLoggerListener.log Command line argument: -Djava.util.logging.config.file=C:\MyJSP\Tomcat 8.0\conf\logging.properties
22-Jan-2016 09:33:40.026 INFO [main] org.apache.catalina.startup.VersionLoggerListener.log Command line argument: -Djava.util.logging.manager=org.apache.juli.ClassLoaderLogManager
22-Jan-2016 09:33:40.027 INFO [main] org.apache.catalina.startup.VersionLoggerListener.log Command line argument: -Djava.endorsed.dirs=C:\MyJSP\Tomcat 8.0\endorsed
22-Jan-2016 09:33:40.027 INFO [main] org.apache.catalina.startup.VersionLoggerListener.log Command line argument: -Dcatalina.base=C:\MyJSP\Tomcat 8.0
22-Jan-2016 09:33:40.027 INFO [main] org.apache.catalina.startup.VersionLoggerListener.log Command line argument: -Dcatalina.home=C:\MyJSP\Tomcat 8.0
22-Jan-2016 09:33:40.028 INFO [main] org.apache.catalina.startup.VersionLoggerListener.log Command line argument: -Djava.io.tmpdir=C:\MyJSP\Tomcat 8.0\temp
22-Jan-2016 09:33:40.028 INFO [main] org.apache.catalina.core.AprLifecycleListener.lifecycleEvent The APR based Apache Tomcat Native library which allows optimal performance in production environments was not found on the java.library.path: C:\Program Files\Java\jdk1.8.0_60\bin;C:\Windows\Sun\Java\bin;C:\Windows\system32;C:\Windows;C:\Applications\Atlassian\atlassian-plugin-sdk-6.1.0\bin;C:\ProgramData\Oracle\Java\javapath;C:\Program Files (x86)\Notepad++;C:\emacs\bin\;C:\Program Files (x86)\GnuWin32\bin; C:\ProgramData\Oracle\Java\javapath;C:\Program Files (x86)\AMD APP\bin\x86_64;C:\Program Files (x86)\AMD APP\bin\x86;C:\Program Files (x86)\Intel\iCLS Client\;C:\Program Files\Intel\iCLS Client\;C:\Windows\system32;C:\Windows;C:\Windows\System32\Wbem;C:\Windows\System32\WindowsPowerShell\v1.0\;C:\Program Files\Intel\WiFi\bin\;C:\Program Files\Common Files\Intel\WirelessCommon\;C:\Program Files\Intel\Intel(R) Management Engine Components\DAL;C:\Program Files (x86)\Intel\Intel(R) Management Engine Components\DAL;C:\Program Files\Intel\Intel(R) Management Engine Components\IPT;C:\Program Files (x86)\Intel\Intel(R) Management Engine Components\IPT;C:\Program Files\Java\jdk1.8.0_60\bin;C:\Program Files (x86)\Git\cmd;C:\Program Files\TortoiseSVN\bin;C:\Program Files\Microsoft SQL Server\Client SDK\ODBC\110\Tools\Binn\;C:\Program Files (x86)\Microsoft SQL Server\120\Tools\Binn\;C:\Program Files\Microsoft SQL Server\120\Tools\Binn\;C:\Program Files\Microsoft SQL Server\120\DTS\Binn\;C:\Maven\apache-maven-3.1.1\bin;C:\Vagrant1.7.4\bin;C:\Program Files\Git\cmd;C:\Program Files\Git\mingw64\bin;C:\Program Files\Git\usr\bin;C:\ProgramData\chocolatey\bin;C:\Program Files (x86)\vim\vim74;C:\Applications\Atlassian\atlassian-plugin-sdk-6.2.2\bin;.
22-Jan-2016 09:33:40.322 INFO [main] org.apache.coyote.AbstractProtocol.init Initializing ProtocolHandler ["http-nio-8080"]
22-Jan-2016 09:33:40.403 INFO [main] org.apache.tomcat.util.net.NioSelectorPool.getSharedSelector Using a shared selector for servlet write/read
22-Jan-2016 09:33:40.405 INFO [main] org.apache.coyote.AbstractProtocol.init Initializing ProtocolHandler ["ajp-nio-8009"]
22-Jan-2016 09:33:40.407 INFO [main] org.apache.tomcat.util.net.NioSelectorPool.getSharedSelector Using a shared selector for servlet write/read
22-Jan-2016 09:33:40.407 INFO [main] org.apache.catalina.startup.Catalina.load Initialization processed in 823 ms
22-Jan-2016 09:33:40.432 INFO [main] org.apache.catalina.core.StandardService.startInternal Starting service Catalina
22-Jan-2016 09:33:40.432 INFO [main] org.apache.catalina.core.StandardEngine.startInternal Starting Servlet Engine: Apache Tomcat/8.0.24
22-Jan-2016 09:33:40.441 INFO [localhost-startStop-1] org.apache.catalina.startup.HostConfig.deployDirectory Deploying web application directory C:\MyJSP\Tomcat 8.0\webapps\docs
22-Jan-2016 09:33:40.775 INFO [localhost-startStop-1] org.apache.catalina.util.SessionIdGeneratorBase.createSecureRandom Creation of SecureRandom instance for session ID generation using [SHA1PRNG] took [120] milliseconds.
22-Jan-2016 09:33:40.794 INFO [localhost-startStop-1] org.apache.catalina.startup.HostConfig.deployDirectory Deployment of web application directory C:\MyJSP\Tomcat 8.0\webapps\docs has finished in 353 ms
22-Jan-2016 09:33:40.794 INFO [localhost-startStop-1] org.apache.catalina.startup.HostConfig.deployDirectory Deploying web application directory C:\MyJSP\Tomcat 8.0\webapps\examples
22-Jan-2016 09:33:41.438 INFO [localhost-startStop-1] org.apache.catalina.startup.HostConfig.deployDirectory Deployment of web application directory C:\MyJSP\Tomcat 8.0\webapps\examples has finished in 644 ms
22-Jan-2016 09:33:41.438 INFO [localhost-startStop-1] org.apache.catalina.startup.HostConfig.deployDirectory Deploying web application directory C:\MyJSP\Tomcat 8.0\webapps\host-manager
22-Jan-2016 09:33:41.471 INFO [localhost-startStop-1] org.apache.catalina.startup.HostConfig.deployDirectory Deployment of web application directory C:\MyJSP\Tomcat 8.0\webapps\host-manager has finished in 33 ms
22-Jan-2016 09:33:41.472 INFO [localhost-startStop-1] org.apache.catalina.startup.HostConfig.deployDirectory Deploying web application directory C:\MyJSP\Tomcat 8.0\webapps\manager
22-Jan-2016 09:33:41.508 INFO [localhost-startStop-1] org.apache.catalina.startup.HostConfig.deployDirectory Deployment of web application directory C:\MyJSP\Tomcat 8.0\webapps\manager has finished in 36 ms
22-Jan-2016 09:33:41.509 INFO [localhost-startStop-1] org.apache.catalina.startup.HostConfig.deployDirectory Deploying web application directory C:\MyJSP\Tomcat 8.0\webapps\ROOT
22-Jan-2016 09:33:41.541 INFO [localhost-startStop-1] org.apache.catalina.startup.HostConfig.deployDirectory Deployment of web application directory C:\MyJSP\Tomcat 8.0\webapps\ROOT has finished in 32 ms
22-Jan-2016 09:33:41.543 INFO [main] org.apache.coyote.AbstractProtocol.start Starting ProtocolHandler ["http-nio-8080"]
22-Jan-2016 09:33:41.548 INFO [main] org.apache.coyote.AbstractProtocol.start Starting ProtocolHandler ["ajp-nio-8009"]
22-Jan-2016 09:33:41.550 INFO [main] org.apache.catalina.startup.Catalina.start Server startup in 1142 ms
22-Jan-2016 09:34:07.750 INFO [main] org.apache.catalina.startup.VersionLoggerListener.log Server version:        Apache Tomcat/8.0.24
22-Jan-2016 09:34:07.751 INFO [main] org.apache.catalina.startup.VersionLoggerListener.log Server built:          Jul 1 2015 20:19:55 UTC
22-Jan-2016 09:34:07.752 INFO [main] org.apache.catalina.startup.VersionLoggerListener.log Server number:         8.0.24.0
22-Jan-2016 09:34:07.752 INFO [main] org.apache.catalina.startup.VersionLoggerListener.log OS Name:               Windows 7
22-Jan-2016 09:34:07.752 INFO [main] org.apache.catalina.startup.VersionLoggerListener.log OS Version:            6.1
22-Jan-2016 09:34:07.752 INFO [main] org.apache.catalina.startup.VersionLoggerListener.log Architecture:          amd64
22-Jan-2016 09:34:07.752 INFO [main] org.apache.catalina.startup.VersionLoggerListener.log Java Home:             C:\Program Files\Java\jdk1.8.0_60\jre
22-Jan-2016 09:34:07.752 INFO [main] org.apache.catalina.startup.VersionLoggerListener.log JVM Version:           1.8.0_60-b27
22-Jan-2016 09:34:07.753 INFO [main] org.apache.catalina.startup.VersionLoggerListener.log JVM Vendor:            Oracle Corporation
22-Jan-2016 09:34:07.753 INFO [main] org.apache.catalina.startup.VersionLoggerListener.log CATALINA_BASE:         C:\MyJSP\Tomcat 8.0
22-Jan-2016 09:34:07.753 INFO [main] org.apache.catalina.startup.VersionLoggerListener.log CATALINA_HOME:         C:\MyJSP\Tomcat 8.0
22-Jan-2016 09:34:07.753 INFO [main] org.apache.catalina.startup.VersionLoggerListener.log Command line argument: -Djava.util.logging.config.file=C:\MyJSP\Tomcat 8.0\conf\logging.properties
22-Jan-2016 09:34:07.753 INFO [main] org.apache.catalina.startup.VersionLoggerListener.log Command line argument: -Djava.util.logging.manager=org.apache.juli.ClassLoaderLogManager
22-Jan-2016 09:34:07.754 INFO [main] org.apache.catalina.startup.VersionLoggerListener.log Command line argument: -Djava.endorsed.dirs=C:\MyJSP\Tomcat 8.0\endorsed
22-Jan-2016 09:34:07.754 INFO [main] org.apache.catalina.startup.VersionLoggerListener.log Command line argument: -Dcatalina.base=C:\MyJSP\Tomcat 8.0
22-Jan-2016 09:34:07.754 INFO [main] org.apache.catalina.startup.VersionLoggerListener.log Command line argument: -Dcatalina.home=C:\MyJSP\Tomcat 8.0
22-Jan-2016 09:34:07.754 INFO [main] org.apache.catalina.startup.VersionLoggerListener.log Command line argument: -Djava.io.tmpdir=C:\MyJSP\Tomcat 8.0\temp
22-Jan-2016 09:34:07.754 INFO [main] org.apache.catalina.core.AprLifecycleListener.lifecycleEvent The APR based Apache Tomcat Native library which allows optimal performance in production environments was not found on the java.library.path: C:\Program Files\Java\jdk1.8.0_60\bin;C:\Windows\Sun\Java\bin;C:\Windows\system32;C:\Windows;C:\Applications\Atlassian\atlassian-plugin-sdk-6.1.0\bin;C:\ProgramData\Oracle\Java\javapath;C:\Program Files (x86)\Notepad++;C:\emacs\bin\;C:\Program Files (x86)\GnuWin32\bin; C:\ProgramData\Oracle\Java\javapath;C:\Program Files (x86)\AMD APP\bin\x86_64;C:\Program Files (x86)\AMD APP\bin\x86;C:\Program Files (x86)\Intel\iCLS Client\;C:\Program Files\Intel\iCLS Client\;C:\Windows\system32;C:\Windows;C:\Windows\System32\Wbem;C:\Windows\System32\WindowsPowerShell\v1.0\;C:\Program Files\Intel\WiFi\bin\;C:\Program Files\Common Files\Intel\WirelessCommon\;C:\Program Files\Intel\Intel(R) Management Engine Components\DAL;C:\Program Files (x86)\Intel\Intel(R) Management Engine Components\DAL;C:\Program Files\Intel\Intel(R) Management Engine Components\IPT;C:\Program Files (x86)\Intel\Intel(R) Management Engine Components\IPT;C:\Program Files\Java\jdk1.8.0_60\bin;C:\Program Files (x86)\Git\cmd;C:\Program Files\TortoiseSVN\bin;C:\Program Files\Microsoft SQL Server\Client SDK\ODBC\110\Tools\Binn\;C:\Program Files (x86)\Microsoft SQL Server\120\Tools\Binn\;C:\Program Files\Microsoft SQL Server\120\Tools\Binn\;C:\Program Files\Microsoft SQL Server\120\DTS\Binn\;C:\Maven\apache-maven-3.1.1\bin;C:\Vagrant1.7.4\bin;C:\Program Files\Git\cmd;C:\Program Files\Git\mingw64\bin;C:\Program Files\Git\usr\bin;C:\ProgramData\chocolatey\bin;C:\Program Files (x86)\vim\vim74;C:\Applications\Atlassian\atlassian-plugin-sdk-6.2.2\bin;.
22-Jan-2016 09:34:07.863 INFO [main] org.apache.coyote.AbstractProtocol.init Initializing ProtocolHandler ["http-nio-8080"]
22-Jan-2016 09:34:07.874 SEVERE [main] org.apache.coyote.AbstractProtocol.init Failed to initialize end point associated with ProtocolHandler ["http-nio-8080"]
 java.net.BindException: Address already in use: bind
	at sun.nio.ch.Net.bind0(Native Method)
	at sun.nio.ch.Net.bind(Net.java:433)
	at sun.nio.ch.Net.bind(Net.java:425)
	at sun.nio.ch.ServerSocketChannelImpl.bind(ServerSocketChannelImpl.java:223)
	at sun.nio.ch.ServerSocketAdaptor.bind(ServerSocketAdaptor.java:74)
	at org.apache.tomcat.util.net.NioEndpoint.bind(NioEndpoint.java:339)
	at org.apache.tomcat.util.net.AbstractEndpoint.init(AbstractEndpoint.java:737)
	at org.apache.coyote.AbstractProtocol.init(AbstractProtocol.java:457)
	at org.apache.coyote.http11.AbstractHttp11JsseProtocol.init(AbstractHttp11JsseProtocol.java:120)
	at org.apache.catalina.connector.Connector.initInternal(Connector.java:960)
	at org.apache.catalina.util.LifecycleBase.init(LifecycleBase.java:102)
	at org.apache.catalina.core.StandardService.initInternal(StandardService.java:567)
	at org.apache.catalina.util.LifecycleBase.init(LifecycleBase.java:102)
	at org.apache.catalina.core.StandardServer.initInternal(StandardServer.java:851)
	at org.apache.catalina.util.LifecycleBase.init(LifecycleBase.java:102)
	at org.apache.catalina.startup.Catalina.load(Catalina.java:576)
	at org.apache.catalina.startup.Catalina.load(Catalina.java:599)
	at sun.reflect.NativeMethodAccessorImpl.invoke0(Native Method)
	at sun.reflect.NativeMethodAccessorImpl.invoke(NativeMethodAccessorImpl.java:62)
	at sun.reflect.DelegatingMethodAccessorImpl.invoke(DelegatingMethodAccessorImpl.java:43)
	at java.lang.reflect.Method.invoke(Method.java:497)
	at org.apache.catalina.startup.Bootstrap.load(Bootstrap.java:310)
	at org.apache.catalina.startup.Bootstrap.main(Bootstrap.java:484)

22-Jan-2016 09:34:07.877 SEVERE [main] org.apache.catalina.core.StandardService.initInternal Failed to initialize connector [Connector[HTTP/1.1-8080]]
 org.apache.catalina.LifecycleException: Failed to initialize component [Connector[HTTP/1.1-8080]]
	at org.apache.catalina.util.LifecycleBase.init(LifecycleBase.java:106)
	at org.apache.catalina.core.StandardService.initInternal(StandardService.java:567)
	at org.apache.catalina.util.LifecycleBase.init(LifecycleBase.java:102)
	at org.apache.catalina.core.StandardServer.initInternal(StandardServer.java:851)
	at org.apache.catalina.util.LifecycleBase.init(LifecycleBase.java:102)
	at org.apache.catalina.startup.Catalina.load(Catalina.java:576)
	at org.apache.catalina.startup.Catalina.load(Catalina.java:599)
	at sun.reflect.NativeMethodAccessorImpl.invoke0(Native Method)
	at sun.reflect.NativeMethodAccessorImpl.invoke(NativeMethodAccessorImpl.java:62)
	at sun.reflect.DelegatingMethodAccessorImpl.invoke(DelegatingMethodAccessorImpl.java:43)
	at java.lang.reflect.Method.invoke(Method.java:497)
	at org.apache.catalina.startup.Bootstrap.load(Bootstrap.java:310)
	at org.apache.catalina.startup.Bootstrap.main(Bootstrap.java:484)
Caused by: org.apache.catalina.LifecycleException: Protocol handler initialization failed
	at org.apache.catalina.connector.Connector.initInternal(Connector.java:962)
	at org.apache.catalina.util.LifecycleBase.init(LifecycleBase.java:102)
	... 12 more
Caused by: java.net.BindException: Address already in use: bind
	at sun.nio.ch.Net.bind0(Native Method)
	at sun.nio.ch.Net.bind(Net.java:433)
	at sun.nio.ch.Net.bind(Net.java:425)
	at sun.nio.ch.ServerSocketChannelImpl.bind(ServerSocketChannelImpl.java:223)
	at sun.nio.ch.ServerSocketAdaptor.bind(ServerSocketAdaptor.java:74)
	at org.apache.tomcat.util.net.NioEndpoint.bind(NioEndpoint.java:339)
	at org.apache.tomcat.util.net.AbstractEndpoint.init(AbstractEndpoint.java:737)
	at org.apache.coyote.AbstractProtocol.init(AbstractProtocol.java:457)
	at org.apache.coyote.http11.AbstractHttp11JsseProtocol.init(AbstractHttp11JsseProtocol.java:120)
	at org.apache.catalina.connector.Connector.initInternal(Connector.java:960)
	... 13 more

22-Jan-2016 09:34:07.879 INFO [main] org.apache.coyote.AbstractProtocol.init Initializing ProtocolHandler ["ajp-nio-8009"]
22-Jan-2016 09:34:07.881 SEVERE [main] org.apache.coyote.AbstractProtocol.init Failed to initialize end point associated with ProtocolHandler ["ajp-nio-8009"]
 java.net.BindException: Address already in use: bind
	at sun.nio.ch.Net.bind0(Native Method)
	at sun.nio.ch.Net.bind(Net.java:433)
	at sun.nio.ch.Net.bind(Net.java:425)
	at sun.nio.ch.ServerSocketChannelImpl.bind(ServerSocketChannelImpl.java:223)
	at sun.nio.ch.ServerSocketAdaptor.bind(ServerSocketAdaptor.java:74)
	at org.apache.tomcat.util.net.NioEndpoint.bind(NioEndpoint.java:339)
	at org.apache.tomcat.util.net.AbstractEndpoint.init(AbstractEndpoint.java:737)
	at org.apache.coyote.AbstractProtocol.init(AbstractProtocol.java:457)
	at org.apache.catalina.connector.Connector.initInternal(Connector.java:960)
	at org.apache.catalina.util.LifecycleBase.init(LifecycleBase.java:102)
	at org.apache.catalina.core.StandardService.initInternal(StandardService.java:567)
	at org.apache.catalina.util.LifecycleBase.init(LifecycleBase.java:102)
	at org.apache.catalina.core.StandardServer.initInternal(StandardServer.java:851)
	at org.apache.catalina.util.LifecycleBase.init(LifecycleBase.java:102)
	at org.apache.catalina.startup.Catalina.load(Catalina.java:576)
	at org.apache.catalina.startup.Catalina.load(Catalina.java:599)
	at sun.reflect.NativeMethodAccessorImpl.invoke0(Native Method)
	at sun.reflect.NativeMethodAccessorImpl.invoke(NativeMethodAccessorImpl.java:62)
	at sun.reflect.DelegatingMethodAccessorImpl.invoke(DelegatingMethodAccessorImpl.java:43)
	at java.lang.reflect.Method.invoke(Method.java:497)
	at org.apache.catalina.startup.Bootstrap.load(Bootstrap.java:310)
	at org.apache.catalina.startup.Bootstrap.main(Bootstrap.java:484)

22-Jan-2016 09:34:07.882 SEVERE [main] org.apache.catalina.core.StandardService.initInternal Failed to initialize connector [Connector[AJP/1.3-8009]]
 org.apache.catalina.LifecycleException: Failed to initialize component [Connector[AJP/1.3-8009]]
	at org.apache.catalina.util.LifecycleBase.init(LifecycleBase.java:106)
	at org.apache.catalina.core.StandardService.initInternal(StandardService.java:567)
	at org.apache.catalina.util.LifecycleBase.init(LifecycleBase.java:102)
	at org.apache.catalina.core.StandardServer.initInternal(StandardServer.java:851)
	at org.apache.catalina.util.LifecycleBase.init(LifecycleBase.java:102)
	at org.apache.catalina.startup.Catalina.load(Catalina.java:576)
	at org.apache.catalina.startup.Catalina.load(Catalina.java:599)
	at sun.reflect.NativeMethodAccessorImpl.invoke0(Native Method)
	at sun.reflect.NativeMethodAccessorImpl.invoke(NativeMethodAccessorImpl.java:62)
	at sun.reflect.DelegatingMethodAccessorImpl.invoke(DelegatingMethodAccessorImpl.java:43)
	at java.lang.reflect.Method.invoke(Method.java:497)
	at org.apache.catalina.startup.Bootstrap.load(Bootstrap.java:310)
	at org.apache.catalina.startup.Bootstrap.main(Bootstrap.java:484)
Caused by: org.apache.catalina.LifecycleException: Protocol handler initialization failed
	at org.apache.catalina.connector.Connector.initInternal(Connector.java:962)
	at org.apache.catalina.util.LifecycleBase.init(LifecycleBase.java:102)
	... 12 more
Caused by: java.net.BindException: Address already in use: bind
	at sun.nio.ch.Net.bind0(Native Method)
	at sun.nio.ch.Net.bind(Net.java:433)
	at sun.nio.ch.Net.bind(Net.java:425)
	at sun.nio.ch.ServerSocketChannelImpl.bind(ServerSocketChannelImpl.java:223)
	at sun.nio.ch.ServerSocketAdaptor.bind(ServerSocketAdaptor.java:74)
	at org.apache.tomcat.util.net.NioEndpoint.bind(NioEndpoint.java:339)
	at org.apache.tomcat.util.net.AbstractEndpoint.init(AbstractEndpoint.java:737)
	at org.apache.coyote.AbstractProtocol.init(AbstractProtocol.java:457)
	at org.apache.catalina.connector.Connector.initInternal(Connector.java:960)
	... 13 more

22-Jan-2016 09:34:07.883 INFO [main] org.apache.catalina.startup.Catalina.load Initialization processed in 415 ms
22-Jan-2016 09:34:07.902 INFO [main] org.apache.catalina.core.StandardService.startInternal Starting service Catalina
22-Jan-2016 09:34:07.902 INFO [main] org.apache.catalina.core.StandardEngine.startInternal Starting Servlet Engine: Apache Tomcat/8.0.24
22-Jan-2016 09:34:07.911 INFO [localhost-startStop-1] org.apache.catalina.startup.HostConfig.deployDirectory Deploying web application directory C:\MyJSP\Tomcat 8.0\webapps\docs
22-Jan-2016 09:34:08.206 INFO [localhost-startStop-1] org.apache.catalina.util.SessionIdGeneratorBase.createSecureRandom Creation of SecureRandom instance for session ID generation using [SHA1PRNG] took [118] milliseconds.
22-Jan-2016 09:34:08.222 INFO [localhost-startStop-1] org.apache.catalina.startup.HostConfig.deployDirectory Deployment of web application directory C:\MyJSP\Tomcat 8.0\webapps\docs has finished in 310 ms
22-Jan-2016 09:34:08.222 INFO [localhost-startStop-1] org.apache.catalina.startup.HostConfig.deployDirectory Deploying web application directory C:\MyJSP\Tomcat 8.0\webapps\examples
22-Jan-2016 09:34:08.546 INFO [localhost-startStop-1] org.apache.catalina.startup.HostConfig.deployDirectory Deployment of web application directory C:\MyJSP\Tomcat 8.0\webapps\examples has finished in 324 ms
22-Jan-2016 09:34:08.547 INFO [localhost-startStop-1] org.apache.catalina.startup.HostConfig.deployDirectory Deploying web application directory C:\MyJSP\Tomcat 8.0\webapps\host-manager
22-Jan-2016 09:34:08.590 INFO [localhost-startStop-1] org.apache.catalina.startup.HostConfig.deployDirectory Deployment of web application directory C:\MyJSP\Tomcat 8.0\webapps\host-manager has finished in 43 ms
22-Jan-2016 09:34:08.590 INFO [localhost-startStop-1] org.apache.catalina.startup.HostConfig.deployDirectory Deploying web application directory C:\MyJSP\Tomcat 8.0\webapps\manager
22-Jan-2016 09:34:08.620 INFO [localhost-startStop-1] org.apache.catalina.startup.HostConfig.deployDirectory Deployment of web application directory C:\MyJSP\Tomcat 8.0\webapps\manager has finished in 30 ms
22-Jan-2016 09:34:08.620 INFO [localhost-startStop-1] org.apache.catalina.startup.HostConfig.deployDirectory Deploying web application directory C:\MyJSP\Tomcat 8.0\webapps\ROOT
22-Jan-2016 09:34:08.645 INFO [localhost-startStop-1] org.apache.catalina.startup.HostConfig.deployDirectory Deployment of web application directory C:\MyJSP\Tomcat 8.0\webapps\ROOT has finished in 25 ms
22-Jan-2016 09:34:08.647 INFO [main] org.apache.catalina.startup.Catalina.start Server startup in 764 ms
22-Jan-2016 09:34:08.651 SEVERE [main] org.apache.catalina.core.StandardServer.await StandardServer.await: create[localhost:8005]: 
 java.net.BindException: Address already in use: JVM_Bind
	at java.net.DualStackPlainSocketImpl.bind0(Native Method)
	at java.net.DualStackPlainSocketImpl.socketBind(DualStackPlainSocketImpl.java:106)
	at java.net.AbstractPlainSocketImpl.bind(AbstractPlainSocketImpl.java:387)
	at java.net.PlainSocketImpl.bind(PlainSocketImpl.java:190)
	at java.net.ServerSocket.bind(ServerSocket.java:375)
	at java.net.ServerSocket.<init>(ServerSocket.java:237)
	at org.apache.catalina.core.StandardServer.await(StandardServer.java:420)
	at org.apache.catalina.startup.Catalina.await(Catalina.java:713)
	at org.apache.catalina.startup.Catalina.start(Catalina.java:659)
	at sun.reflect.NativeMethodAccessorImpl.invoke0(Native Method)
	at sun.reflect.NativeMethodAccessorImpl.invoke(NativeMethodAccessorImpl.java:62)
	at sun.reflect.DelegatingMethodAccessorImpl.invoke(DelegatingMethodAccessorImpl.java:43)
	at java.lang.reflect.Method.invoke(Method.java:497)
	at org.apache.catalina.startup.Bootstrap.start(Bootstrap.java:351)
	at org.apache.catalina.startup.Bootstrap.main(Bootstrap.java:485)

22-Jan-2016 09:34:08.651 INFO [main] org.apache.coyote.AbstractProtocol.pause Pausing ProtocolHandler ["http-nio-8080"]
22-Jan-2016 09:34:08.652 INFO [main] org.apache.coyote.AbstractProtocol.pause Pausing ProtocolHandler ["ajp-nio-8009"]
22-Jan-2016 09:34:08.652 INFO [main] org.apache.catalina.core.StandardService.stopInternal Stopping service Catalina
22-Jan-2016 09:34:08.672 INFO [main] org.apache.coyote.AbstractProtocol.stop Stopping ProtocolHandler ["http-nio-8080"]
22-Jan-2016 09:34:08.672 INFO [main] org.apache.coyote.AbstractProtocol.destroy Destroying ProtocolHandler ["http-nio-8080"]
22-Jan-2016 09:34:08.672 INFO [main] org.apache.coyote.AbstractProtocol.stop Stopping ProtocolHandler ["ajp-nio-8009"]
22-Jan-2016 09:34:08.673 INFO [main] org.apache.coyote.AbstractProtocol.destroy Destroying ProtocolHandler ["ajp-nio-8009"]
22-Jan-2016 09:34:22.065 INFO [main] org.apache.catalina.startup.VersionLoggerListener.log Server version:        Apache Tomcat/8.0.24
22-Jan-2016 09:34:22.066 INFO [main] org.apache.catalina.startup.VersionLoggerListener.log Server built:          Jul 1 2015 20:19:55 UTC
22-Jan-2016 09:34:22.067 INFO [main] org.apache.catalina.startup.VersionLoggerListener.log Server number:         8.0.24.0
22-Jan-2016 09:34:22.067 INFO [main] org.apache.catalina.startup.VersionLoggerListener.log OS Name:               Windows 7
22-Jan-2016 09:34:22.067 INFO [main] org.apache.catalina.startup.VersionLoggerListener.log OS Version:            6.1
22-Jan-2016 09:34:22.067 INFO [main] org.apache.catalina.startup.VersionLoggerListener.log Architecture:          amd64
22-Jan-2016 09:34:22.067 INFO [main] org.apache.catalina.startup.VersionLoggerListener.log Java Home:             C:\Program Files\Java\jdk1.8.0_60\jre
22-Jan-2016 09:34:22.067 INFO [main] org.apache.catalina.startup.VersionLoggerListener.log JVM Version:           1.8.0_60-b27
22-Jan-2016 09:34:22.068 INFO [main] org.apache.catalina.startup.VersionLoggerListener.log JVM Vendor:            Oracle Corporation
22-Jan-2016 09:34:22.068 INFO [main] org.apache.catalina.startup.VersionLoggerListener.log CATALINA_BASE:         C:\MyJSP\Tomcat 8.0
22-Jan-2016 09:34:22.068 INFO [main] org.apache.catalina.startup.VersionLoggerListener.log CATALINA_HOME:         C:\MyJSP\Tomcat 8.0
22-Jan-2016 09:34:22.068 INFO [main] org.apache.catalina.startup.VersionLoggerListener.log Command line argument: -Djava.util.logging.config.file=C:\MyJSP\Tomcat 8.0\conf\logging.properties
22-Jan-2016 09:34:22.068 INFO [main] org.apache.catalina.startup.VersionLoggerListener.log Command line argument: -Djava.util.logging.manager=org.apache.juli.ClassLoaderLogManager
22-Jan-2016 09:34:22.069 INFO [main] org.apache.catalina.startup.VersionLoggerListener.log Command line argument: -Djava.endorsed.dirs=C:\MyJSP\Tomcat 8.0\endorsed
22-Jan-2016 09:34:22.069 INFO [main] org.apache.catalina.startup.VersionLoggerListener.log Command line argument: -Dcatalina.base=C:\MyJSP\Tomcat 8.0
22-Jan-2016 09:34:22.069 INFO [main] org.apache.catalina.startup.VersionLoggerListener.log Command line argument: -Dcatalina.home=C:\MyJSP\Tomcat 8.0
22-Jan-2016 09:34:22.069 INFO [main] org.apache.catalina.startup.VersionLoggerListener.log Command line argument: -Djava.io.tmpdir=C:\MyJSP\Tomcat 8.0\temp
22-Jan-2016 09:34:22.069 INFO [main] org.apache.catalina.core.AprLifecycleListener.lifecycleEvent The APR based Apache Tomcat Native library which allows optimal performance in production environments was not found on the java.library.path: C:\Program Files\Java\jdk1.8.0_60\bin;C:\Windows\Sun\Java\bin;C:\Windows\system32;C:\Windows;C:\Applications\Atlassian\atlassian-plugin-sdk-6.1.0\bin;C:\ProgramData\Oracle\Java\javapath;C:\Program Files (x86)\Notepad++;C:\emacs\bin\;C:\Program Files (x86)\GnuWin32\bin; C:\ProgramData\Oracle\Java\javapath;C:\Program Files (x86)\AMD APP\bin\x86_64;C:\Program Files (x86)\AMD APP\bin\x86;C:\Program Files (x86)\Intel\iCLS Client\;C:\Program Files\Intel\iCLS Client\;C:\Windows\system32;C:\Windows;C:\Windows\System32\Wbem;C:\Windows\System32\WindowsPowerShell\v1.0\;C:\Program Files\Intel\WiFi\bin\;C:\Program Files\Common Files\Intel\WirelessCommon\;C:\Program Files\Intel\Intel(R) Management Engine Components\DAL;C:\Program Files (x86)\Intel\Intel(R) Management Engine Components\DAL;C:\Program Files\Intel\Intel(R) Management Engine Components\IPT;C:\Program Files (x86)\Intel\Intel(R) Management Engine Components\IPT;C:\Program Files\Java\jdk1.8.0_60\bin;C:\Program Files (x86)\Git\cmd;C:\Program Files\TortoiseSVN\bin;C:\Program Files\Microsoft SQL Server\Client SDK\ODBC\110\Tools\Binn\;C:\Program Files (x86)\Microsoft SQL Server\120\Tools\Binn\;C:\Program Files\Microsoft SQL Server\120\Tools\Binn\;C:\Program Files\Microsoft SQL Server\120\DTS\Binn\;C:\Maven\apache-maven-3.1.1\bin;C:\Vagrant1.7.4\bin;C:\Program Files\Git\cmd;C:\Program Files\Git\mingw64\bin;C:\Program Files\Git\usr\bin;C:\ProgramData\chocolatey\bin;C:\Program Files (x86)\vim\vim74;C:\Applications\Atlassian\atlassian-plugin-sdk-6.2.2\bin;.
22-Jan-2016 09:34:22.175 INFO [main] org.apache.coyote.AbstractProtocol.init Initializing ProtocolHandler ["http-nio-8080"]
22-Jan-2016 09:34:22.232 INFO [main] org.apache.tomcat.util.net.NioSelectorPool.getSharedSelector Using a shared selector for servlet write/read
22-Jan-2016 09:34:22.234 INFO [main] org.apache.coyote.AbstractProtocol.init Initializing ProtocolHandler ["ajp-nio-8009"]
22-Jan-2016 09:34:22.236 INFO [main] org.apache.tomcat.util.net.NioSelectorPool.getSharedSelector Using a shared selector for servlet write/read
22-Jan-2016 09:34:22.237 INFO [main] org.apache.catalina.startup.Catalina.load Initialization processed in 470 ms
22-Jan-2016 09:34:22.257 INFO [main] org.apache.catalina.core.StandardService.startInternal Starting service Catalina
22-Jan-2016 09:34:22.257 INFO [main] org.apache.catalina.core.StandardEngine.startInternal Starting Servlet Engine: Apache Tomcat/8.0.24
22-Jan-2016 09:34:22.265 INFO [localhost-startStop-1] org.apache.catalina.startup.HostConfig.deployDirectory Deploying web application directory C:\MyJSP\Tomcat 8.0\webapps\docs
22-Jan-2016 09:34:22.533 INFO [localhost-startStop-1] org.apache.catalina.util.SessionIdGeneratorBase.createSecureRandom Creation of SecureRandom instance for session ID generation using [SHA1PRNG] took [110] milliseconds.
22-Jan-2016 09:34:22.549 INFO [localhost-startStop-1] org.apache.catalina.startup.HostConfig.deployDirectory Deployment of web application directory C:\MyJSP\Tomcat 8.0\webapps\docs has finished in 284 ms
22-Jan-2016 09:34:22.550 INFO [localhost-startStop-1] org.apache.catalina.startup.HostConfig.deployDirectory Deploying web application directory C:\MyJSP\Tomcat 8.0\webapps\examples
22-Jan-2016 09:34:22.894 INFO [localhost-startStop-1] org.apache.catalina.startup.HostConfig.deployDirectory Deployment of web application directory C:\MyJSP\Tomcat 8.0\webapps\examples has finished in 344 ms
22-Jan-2016 09:34:22.894 INFO [localhost-startStop-1] org.apache.catalina.startup.HostConfig.deployDirectory Deploying web application directory C:\MyJSP\Tomcat 8.0\webapps\host-manager
22-Jan-2016 09:34:22.922 INFO [localhost-startStop-1] org.apache.catalina.startup.HostConfig.deployDirectory Deployment of web application directory C:\MyJSP\Tomcat 8.0\webapps\host-manager has finished in 27 ms
22-Jan-2016 09:34:22.922 INFO [localhost-startStop-1] org.apache.catalina.startup.HostConfig.deployDirectory Deploying web application directory C:\MyJSP\Tomcat 8.0\webapps\manager
22-Jan-2016 09:34:22.953 INFO [localhost-startStop-1] org.apache.catalina.startup.HostConfig.deployDirectory Deployment of web application directory C:\MyJSP\Tomcat 8.0\webapps\manager has finished in 31 ms
22-Jan-2016 09:34:22.953 INFO [localhost-startStop-1] org.apache.catalina.startup.HostConfig.deployDirectory Deploying web application directory C:\MyJSP\Tomcat 8.0\webapps\ROOT
22-Jan-2016 09:34:22.978 INFO [localhost-startStop-1] org.apache.catalina.startup.HostConfig.deployDirectory Deployment of web application directory C:\MyJSP\Tomcat 8.0\webapps\ROOT has finished in 25 ms
22-Jan-2016 09:34:22.980 INFO [main] org.apache.coyote.AbstractProtocol.start Starting ProtocolHandler ["http-nio-8080"]
22-Jan-2016 09:34:22.986 INFO [main] org.apache.coyote.AbstractProtocol.start Starting ProtocolHandler ["ajp-nio-8009"]
22-Jan-2016 09:34:22.987 INFO [main] org.apache.catalina.startup.Catalina.start Server startup in 750 ms
22-Jan-2016 11:06:33.244 INFO [Thread-5] org.apache.coyote.AbstractProtocol.pause Pausing ProtocolHandler ["http-nio-8080"]
22-Jan-2016 11:06:33.308 INFO [Thread-5] org.apache.coyote.AbstractProtocol.pause Pausing ProtocolHandler ["ajp-nio-8009"]
22-Jan-2016 11:06:33.359 INFO [Thread-5] org.apache.catalina.core.StandardService.stopInternal Stopping service Catalina
22-Jan-2016 11:06:33.376 INFO [Thread-5] org.apache.coyote.AbstractProtocol.stop Stopping ProtocolHandler ["http-nio-8080"]
22-Jan-2016 11:06:33.446 INFO [Thread-5] org.apache.coyote.AbstractProtocol.stop Stopping ProtocolHandler ["ajp-nio-8009"]
22-Jan-2016 11:06:33.547 INFO [Thread-5] org.apache.coyote.AbstractProtocol.destroy Destroying ProtocolHandler ["http-nio-8080"]
22-Jan-2016 11:06:33.551 INFO [Thread-5] org.apache.coyote.AbstractProtocol.destroy Destroying ProtocolHandler ["ajp-nio-8009"]
22-Jan-2016 11:06:36.899 INFO [main] org.apache.catalina.startup.VersionLoggerListener.log Server version:        Apache Tomcat/8.0.24
22-Jan-2016 11:06:36.900 INFO [main] org.apache.catalina.startup.VersionLoggerListener.log Server built:          Jul 1 2015 20:19:55 UTC
22-Jan-2016 11:06:36.901 INFO [main] org.apache.catalina.startup.VersionLoggerListener.log Server number:         8.0.24.0
22-Jan-2016 11:06:36.901 INFO [main] org.apache.catalina.startup.VersionLoggerListener.log OS Name:               Windows 7
22-Jan-2016 11:06:36.901 INFO [main] org.apache.catalina.startup.VersionLoggerListener.log OS Version:            6.1
22-Jan-2016 11:06:36.901 INFO [main] org.apache.catalina.startup.VersionLoggerListener.log Architecture:          amd64
22-Jan-2016 11:06:36.902 INFO [main] org.apache.catalina.startup.VersionLoggerListener.log Java Home:             C:\Program Files\Java\jdk1.8.0_60\jre
22-Jan-2016 11:06:36.902 INFO [main] org.apache.catalina.startup.VersionLoggerListener.log JVM Version:           1.8.0_60-b27
22-Jan-2016 11:06:36.902 INFO [main] org.apache.catalina.startup.VersionLoggerListener.log JVM Vendor:            Oracle Corporation
22-Jan-2016 11:06:36.902 INFO [main] org.apache.catalina.startup.VersionLoggerListener.log CATALINA_BASE:         C:\MyJSP\Tomcat 8.0
22-Jan-2016 11:06:36.902 INFO [main] org.apache.catalina.startup.VersionLoggerListener.log CATALINA_HOME:         C:\MyJSP\Tomcat 8.0
22-Jan-2016 11:06:36.903 INFO [main] org.apache.catalina.startup.VersionLoggerListener.log Command line argument: -Djava.util.logging.config.file=C:\MyJSP\Tomcat 8.0\conf\logging.properties
22-Jan-2016 11:06:36.903 INFO [main] org.apache.catalina.startup.VersionLoggerListener.log Command line argument: -Djava.util.logging.manager=org.apache.juli.ClassLoaderLogManager
22-Jan-2016 11:06:36.903 INFO [main] org.apache.catalina.startup.VersionLoggerListener.log Command line argument: -Djava.endorsed.dirs=C:\MyJSP\Tomcat 8.0\endorsed
22-Jan-2016 11:06:36.903 INFO [main] org.apache.catalina.startup.VersionLoggerListener.log Command line argument: -Dcatalina.base=C:\MyJSP\Tomcat 8.0
22-Jan-2016 11:06:36.904 INFO [main] org.apache.catalina.startup.VersionLoggerListener.log Command line argument: -Dcatalina.home=C:\MyJSP\Tomcat 8.0
22-Jan-2016 11:06:36.904 INFO [main] org.apache.catalina.startup.VersionLoggerListener.log Command line argument: -Djava.io.tmpdir=C:\MyJSP\Tomcat 8.0\temp
22-Jan-2016 11:06:36.904 INFO [main] org.apache.catalina.core.AprLifecycleListener.lifecycleEvent The APR based Apache Tomcat Native library which allows optimal performance in production environments was not found on the java.library.path: C:\Program Files\Java\jdk1.8.0_60\bin;C:\Windows\Sun\Java\bin;C:\Windows\system32;C:\Windows;C:\Applications\Atlassian\atlassian-plugin-sdk-6.1.0\bin;C:\ProgramData\Oracle\Java\javapath;C:\Program Files (x86)\Notepad++;C:\emacs\bin\;C:\Program Files (x86)\GnuWin32\bin; C:\ProgramData\Oracle\Java\javapath;C:\Program Files (x86)\AMD APP\bin\x86_64;C:\Program Files (x86)\AMD APP\bin\x86;C:\Program Files (x86)\Intel\iCLS Client\;C:\Program Files\Intel\iCLS Client\;C:\Windows\system32;C:\Windows;C:\Windows\System32\Wbem;C:\Windows\System32\WindowsPowerShell\v1.0\;C:\Program Files\Intel\WiFi\bin\;C:\Program Files\Common Files\Intel\WirelessCommon\;C:\Program Files\Intel\Intel(R) Management Engine Components\DAL;C:\Program Files (x86)\Intel\Intel(R) Management Engine Components\DAL;C:\Program Files\Intel\Intel(R) Management Engine Components\IPT;C:\Program Files (x86)\Intel\Intel(R) Management Engine Components\IPT;C:\Program Files\Java\jdk1.8.0_60\bin;C:\Program Files (x86)\Git\cmd;C:\Program Files\TortoiseSVN\bin;C:\Program Files\Microsoft SQL Server\Client SDK\ODBC\110\Tools\Binn\;C:\Program Files (x86)\Microsoft SQL Server\120\Tools\Binn\;C:\Program Files\Microsoft SQL Server\120\Tools\Binn\;C:\Program Files\Microsoft SQL Server\120\DTS\Binn\;C:\Maven\apache-maven-3.1.1\bin;C:\Vagrant1.7.4\bin;C:\Program Files\Git\cmd;C:\Program Files\Git\mingw64\bin;C:\Program Files\Git\usr\bin;C:\ProgramData\chocolatey\bin;C:\Program Files (x86)\vim\vim74;C:\Applications\Atlassian\atlassian-plugin-sdk-6.2.2\bin;.
22-Jan-2016 11:06:37.005 INFO [main] org.apache.coyote.AbstractProtocol.init Initializing ProtocolHandler ["http-nio-8080"]
22-Jan-2016 11:06:37.060 INFO [main] org.apache.tomcat.util.net.NioSelectorPool.getSharedSelector Using a shared selector for servlet write/read
22-Jan-2016 11:06:37.062 INFO [main] org.apache.coyote.AbstractProtocol.init Initializing ProtocolHandler ["ajp-nio-8009"]
22-Jan-2016 11:06:37.063 INFO [main] org.apache.tomcat.util.net.NioSelectorPool.getSharedSelector Using a shared selector for servlet write/read
22-Jan-2016 11:06:37.064 INFO [main] org.apache.catalina.startup.Catalina.load Initialization processed in 440 ms
22-Jan-2016 11:06:37.081 INFO [main] org.apache.catalina.core.StandardService.startInternal Starting service Catalina
22-Jan-2016 11:06:37.082 INFO [main] org.apache.catalina.core.StandardEngine.startInternal Starting Servlet Engine: Apache Tomcat/8.0.24
22-Jan-2016 11:06:37.088 INFO [localhost-startStop-1] org.apache.catalina.startup.HostConfig.deployDirectory Deploying web application directory C:\MyJSP\Tomcat 8.0\webapps\docs
22-Jan-2016 11:06:37.378 INFO [localhost-startStop-1] org.apache.catalina.util.SessionIdGeneratorBase.createSecureRandom Creation of SecureRandom instance for session ID generation using [SHA1PRNG] took [109] milliseconds.
22-Jan-2016 11:06:37.394 INFO [localhost-startStop-1] org.apache.catalina.startup.HostConfig.deployDirectory Deployment of web application directory C:\MyJSP\Tomcat 8.0\webapps\docs has finished in 306 ms
22-Jan-2016 11:06:37.394 INFO [localhost-startStop-1] org.apache.catalina.startup.HostConfig.deployDirectory Deploying web application directory C:\MyJSP\Tomcat 8.0\webapps\examples
22-Jan-2016 11:06:37.742 INFO [localhost-startStop-1] org.apache.catalina.startup.HostConfig.deployDirectory Deployment of web application directory C:\MyJSP\Tomcat 8.0\webapps\examples has finished in 348 ms
22-Jan-2016 11:06:37.742 INFO [localhost-startStop-1] org.apache.catalina.startup.HostConfig.deployDirectory Deploying web application directory C:\MyJSP\Tomcat 8.0\webapps\host-manager
22-Jan-2016 11:06:37.772 INFO [localhost-startStop-1] org.apache.catalina.startup.HostConfig.deployDirectory Deployment of web application directory C:\MyJSP\Tomcat 8.0\webapps\host-manager has finished in 29 ms
22-Jan-2016 11:06:37.775 INFO [localhost-startStop-1] org.apache.catalina.startup.HostConfig.deployDirectory Deploying web application directory C:\MyJSP\Tomcat 8.0\webapps\manager
22-Jan-2016 11:06:37.803 INFO [localhost-startStop-1] org.apache.catalina.startup.HostConfig.deployDirectory Deployment of web application directory C:\MyJSP\Tomcat 8.0\webapps\manager has finished in 28 ms
22-Jan-2016 11:06:37.803 INFO [localhost-startStop-1] org.apache.catalina.startup.HostConfig.deployDirectory Deploying web application directory C:\MyJSP\Tomcat 8.0\webapps\ROOT
22-Jan-2016 11:06:37.837 INFO [localhost-startStop-1] org.apache.catalina.startup.HostConfig.deployDirectory Deployment of web application directory C:\MyJSP\Tomcat 8.0\webapps\ROOT has finished in 34 ms
22-Jan-2016 11:06:37.839 INFO [main] org.apache.coyote.AbstractProtocol.start Starting ProtocolHandler ["http-nio-8080"]
22-Jan-2016 11:06:37.845 INFO [main] org.apache.coyote.AbstractProtocol.start Starting ProtocolHandler ["ajp-nio-8009"]
22-Jan-2016 11:06:37.847 INFO [main] org.apache.catalina.startup.Catalina.start Server startup in 783 ms
22-Jan-2016 13:14:33.007 INFO [Thread-5] org.apache.coyote.AbstractProtocol.pause Pausing ProtocolHandler ["http-nio-8080"]
22-Jan-2016 13:14:33.064 INFO [Thread-5] org.apache.coyote.AbstractProtocol.pause Pausing ProtocolHandler ["ajp-nio-8009"]
22-Jan-2016 13:14:33.115 INFO [Thread-5] org.apache.catalina.core.StandardService.stopInternal Stopping service Catalina
22-Jan-2016 13:14:33.144 INFO [Thread-5] org.apache.coyote.AbstractProtocol.stop Stopping ProtocolHandler ["http-nio-8080"]
22-Jan-2016 13:14:33.147 INFO [Thread-5] org.apache.coyote.AbstractProtocol.stop Stopping ProtocolHandler ["ajp-nio-8009"]
22-Jan-2016 13:14:33.149 INFO [Thread-5] org.apache.coyote.AbstractProtocol.destroy Destroying ProtocolHandler ["http-nio-8080"]
22-Jan-2016 13:14:33.150 INFO [Thread-5] org.apache.coyote.AbstractProtocol.destroy Destroying ProtocolHandler ["ajp-nio-8009"]
22-Jan-2016 13:14:35.497 INFO [main] org.apache.catalina.startup.VersionLoggerListener.log Server version:        Apache Tomcat/8.0.24
22-Jan-2016 13:14:35.498 INFO [main] org.apache.catalina.startup.VersionLoggerListener.log Server built:          Jul 1 2015 20:19:55 UTC
22-Jan-2016 13:14:35.498 INFO [main] org.apache.catalina.startup.VersionLoggerListener.log Server number:         8.0.24.0
22-Jan-2016 13:14:35.498 INFO [main] org.apache.catalina.startup.VersionLoggerListener.log OS Name:               Windows 7
22-Jan-2016 13:14:35.498 INFO [main] org.apache.catalina.startup.VersionLoggerListener.log OS Version:            6.1
22-Jan-2016 13:14:35.499 INFO [main] org.apache.catalina.startup.VersionLoggerListener.log Architecture:          amd64
22-Jan-2016 13:14:35.499 INFO [main] org.apache.catalina.startup.VersionLoggerListener.log Java Home:             C:\Program Files\Java\jdk1.8.0_60\jre
22-Jan-2016 13:14:35.499 INFO [main] org.apache.catalina.startup.VersionLoggerListener.log JVM Version:           1.8.0_60-b27
22-Jan-2016 13:14:35.499 INFO [main] org.apache.catalina.startup.VersionLoggerListener.log JVM Vendor:            Oracle Corporation
22-Jan-2016 13:14:35.499 INFO [main] org.apache.catalina.startup.VersionLoggerListener.log CATALINA_BASE:         C:\MyJSP\Tomcat 8.0
22-Jan-2016 13:14:35.500 INFO [main] org.apache.catalina.startup.VersionLoggerListener.log CATALINA_HOME:         C:\MyJSP\Tomcat 8.0
22-Jan-2016 13:14:35.500 INFO [main] org.apache.catalina.startup.VersionLoggerListener.log Command line argument: -Djava.util.logging.config.file=C:\MyJSP\Tomcat 8.0\conf\logging.properties
22-Jan-2016 13:14:35.500 INFO [main] org.apache.catalina.startup.VersionLoggerListener.log Command line argument: -Djava.util.logging.manager=org.apache.juli.ClassLoaderLogManager
22-Jan-2016 13:14:35.500 INFO [main] org.apache.catalina.startup.VersionLoggerListener.log Command line argument: -Djava.endorsed.dirs=C:\MyJSP\Tomcat 8.0\endorsed
22-Jan-2016 13:14:35.500 INFO [main] org.apache.catalina.startup.VersionLoggerListener.log Command line argument: -Dcatalina.base=C:\MyJSP\Tomcat 8.0
22-Jan-2016 13:14:35.501 INFO [main] org.apache.catalina.startup.VersionLoggerListener.log Command line argument: -Dcatalina.home=C:\MyJSP\Tomcat 8.0
22-Jan-2016 13:14:35.501 INFO [main] org.apache.catalina.startup.VersionLoggerListener.log Command line argument: -Djava.io.tmpdir=C:\MyJSP\Tomcat 8.0\temp
22-Jan-2016 13:14:35.501 INFO [main] org.apache.catalina.core.AprLifecycleListener.lifecycleEvent The APR based Apache Tomcat Native library which allows optimal performance in production environments was not found on the java.library.path: C:\Program Files\Java\jdk1.8.0_60\bin;C:\Windows\Sun\Java\bin;C:\Windows\system32;C:\Windows;C:\Applications\Atlassian\atlassian-plugin-sdk-6.1.0\bin;C:\ProgramData\Oracle\Java\javapath;C:\Program Files (x86)\Notepad++;C:\emacs\bin\;C:\Program Files (x86)\GnuWin32\bin; C:\ProgramData\Oracle\Java\javapath;C:\Program Files (x86)\AMD APP\bin\x86_64;C:\Program Files (x86)\AMD APP\bin\x86;C:\Program Files (x86)\Intel\iCLS Client\;C:\Program Files\Intel\iCLS Client\;C:\Windows\system32;C:\Windows;C:\Windows\System32\Wbem;C:\Windows\System32\WindowsPowerShell\v1.0\;C:\Program Files\Intel\WiFi\bin\;C:\Program Files\Common Files\Intel\WirelessCommon\;C:\Program Files\Intel\Intel(R) Management Engine Components\DAL;C:\Program Files (x86)\Intel\Intel(R) Management Engine Components\DAL;C:\Program Files\Intel\Intel(R) Management Engine Components\IPT;C:\Program Files (x86)\Intel\Intel(R) Management Engine Components\IPT;C:\Program Files\Java\jdk1.8.0_60\bin;C:\Program Files (x86)\Git\cmd;C:\Program Files\TortoiseSVN\bin;C:\Program Files\Microsoft SQL Server\Client SDK\ODBC\110\Tools\Binn\;C:\Program Files (x86)\Microsoft SQL Server\120\Tools\Binn\;C:\Program Files\Microsoft SQL Server\120\Tools\Binn\;C:\Program Files\Microsoft SQL Server\120\DTS\Binn\;C:\Maven\apache-maven-3.1.1\bin;C:\Vagrant1.7.4\bin;C:\Program Files\Git\cmd;C:\Program Files\Git\mingw64\bin;C:\Program Files\Git\usr\bin;C:\ProgramData\chocolatey\bin;C:\Program Files (x86)\vim\vim74;C:\Applications\Atlassian\atlassian-plugin-sdk-6.2.2\bin;.
22-Jan-2016 13:14:35.602 INFO [main] org.apache.coyote.AbstractProtocol.init Initializing ProtocolHandler ["http-nio-8080"]
22-Jan-2016 13:14:35.659 INFO [main] org.apache.tomcat.util.net.NioSelectorPool.getSharedSelector Using a shared selector for servlet write/read
22-Jan-2016 13:14:35.662 INFO [main] org.apache.coyote.AbstractProtocol.init Initializing ProtocolHandler ["ajp-nio-8009"]
22-Jan-2016 13:14:35.664 INFO [main] org.apache.tomcat.util.net.NioSelectorPool.getSharedSelector Using a shared selector for servlet write/read
22-Jan-2016 13:14:35.664 INFO [main] org.apache.catalina.startup.Catalina.load Initialization processed in 456 ms
22-Jan-2016 13:14:35.684 INFO [main] org.apache.catalina.core.StandardService.startInternal Starting service Catalina
22-Jan-2016 13:14:35.684 INFO [main] org.apache.catalina.core.StandardEngine.startInternal Starting Servlet Engine: Apache Tomcat/8.0.24
22-Jan-2016 13:14:35.691 INFO [localhost-startStop-1] org.apache.catalina.startup.HostConfig.deployDirectory Deploying web application directory C:\MyJSP\Tomcat 8.0\webapps\docs
22-Jan-2016 13:14:35.963 INFO [localhost-startStop-1] org.apache.catalina.util.SessionIdGeneratorBase.createSecureRandom Creation of SecureRandom instance for session ID generation using [SHA1PRNG] took [107] milliseconds.
22-Jan-2016 13:14:35.979 INFO [localhost-startStop-1] org.apache.catalina.startup.HostConfig.deployDirectory Deployment of web application directory C:\MyJSP\Tomcat 8.0\webapps\docs has finished in 288 ms
22-Jan-2016 13:14:35.979 INFO [localhost-startStop-1] org.apache.catalina.startup.HostConfig.deployDirectory Deploying web application directory C:\MyJSP\Tomcat 8.0\webapps\examples
22-Jan-2016 13:14:36.328 INFO [localhost-startStop-1] org.apache.catalina.startup.HostConfig.deployDirectory Deployment of web application directory C:\MyJSP\Tomcat 8.0\webapps\examples has finished in 349 ms
22-Jan-2016 13:14:36.328 INFO [localhost-startStop-1] org.apache.catalina.startup.HostConfig.deployDirectory Deploying web application directory C:\MyJSP\Tomcat 8.0\webapps\host-manager
22-Jan-2016 13:14:36.356 INFO [localhost-startStop-1] org.apache.catalina.startup.HostConfig.deployDirectory Deployment of web application directory C:\MyJSP\Tomcat 8.0\webapps\host-manager has finished in 28 ms
22-Jan-2016 13:14:36.356 INFO [localhost-startStop-1] org.apache.catalina.startup.HostConfig.deployDirectory Deploying web application directory C:\MyJSP\Tomcat 8.0\webapps\manager
22-Jan-2016 13:14:36.383 INFO [localhost-startStop-1] org.apache.catalina.startup.HostConfig.deployDirectory Deployment of web application directory C:\MyJSP\Tomcat 8.0\webapps\manager has finished in 27 ms
22-Jan-2016 13:14:36.383 INFO [localhost-startStop-1] org.apache.catalina.startup.HostConfig.deployDirectory Deploying web application directory C:\MyJSP\Tomcat 8.0\webapps\ROOT
22-Jan-2016 13:14:36.411 INFO [localhost-startStop-1] org.apache.catalina.startup.HostConfig.deployDirectory Deployment of web application directory C:\MyJSP\Tomcat 8.0\webapps\ROOT has finished in 28 ms
22-Jan-2016 13:14:36.413 INFO [main] org.apache.coyote.AbstractProtocol.start Starting ProtocolHandler ["http-nio-8080"]
22-Jan-2016 13:14:36.418 INFO [main] org.apache.coyote.AbstractProtocol.start Starting ProtocolHandler ["ajp-nio-8009"]
22-Jan-2016 13:14:36.420 INFO [main] org.apache.catalina.startup.Catalina.start Server startup in 755 ms
22-Jan-2016 13:52:05.842 INFO [Thread-5] org.apache.coyote.AbstractProtocol.pause Pausing ProtocolHandler ["http-nio-8080"]
22-Jan-2016 13:52:05.899 INFO [Thread-5] org.apache.coyote.AbstractProtocol.pause Pausing ProtocolHandler ["ajp-nio-8009"]
22-Jan-2016 13:52:05.950 INFO [Thread-5] org.apache.catalina.core.StandardService.stopInternal Stopping service Catalina
22-Jan-2016 13:52:05.988 INFO [Thread-5] org.apache.coyote.AbstractProtocol.stop Stopping ProtocolHandler ["http-nio-8080"]
22-Jan-2016 13:52:05.990 INFO [Thread-5] org.apache.coyote.AbstractProtocol.stop Stopping ProtocolHandler ["ajp-nio-8009"]
22-Jan-2016 13:52:05.992 INFO [Thread-5] org.apache.coyote.AbstractProtocol.destroy Destroying ProtocolHandler ["http-nio-8080"]
22-Jan-2016 13:52:05.993 INFO [Thread-5] org.apache.coyote.AbstractProtocol.destroy Destroying ProtocolHandler ["ajp-nio-8009"]
22-Jan-2016 13:52:13.085 INFO [main] org.apache.catalina.startup.VersionLoggerListener.log Server version:        Apache Tomcat/8.0.24
22-Jan-2016 13:52:13.086 INFO [main] org.apache.catalina.startup.VersionLoggerListener.log Server built:          Jul 1 2015 20:19:55 UTC
22-Jan-2016 13:52:13.086 INFO [main] org.apache.catalina.startup.VersionLoggerListener.log Server number:         8.0.24.0
22-Jan-2016 13:52:13.086 INFO [main] org.apache.catalina.startup.VersionLoggerListener.log OS Name:               Windows 7
22-Jan-2016 13:52:13.087 INFO [main] org.apache.catalina.startup.VersionLoggerListener.log OS Version:            6.1
22-Jan-2016 13:52:13.087 INFO [main] org.apache.catalina.startup.VersionLoggerListener.log Architecture:          amd64
22-Jan-2016 13:52:13.087 INFO [main] org.apache.catalina.startup.VersionLoggerListener.log Java Home:             C:\Program Files\Java\jdk1.8.0_60\jre
22-Jan-2016 13:52:13.087 INFO [main] org.apache.catalina.startup.VersionLoggerListener.log JVM Version:           1.8.0_60-b27
22-Jan-2016 13:52:13.088 INFO [main] org.apache.catalina.startup.VersionLoggerListener.log JVM Vendor:            Oracle Corporation
22-Jan-2016 13:52:13.088 INFO [main] org.apache.catalina.startup.VersionLoggerListener.log CATALINA_BASE:         C:\MyJSP\Tomcat 8.0
22-Jan-2016 13:52:13.088 INFO [main] org.apache.catalina.startup.VersionLoggerListener.log CATALINA_HOME:         C:\MyJSP\Tomcat 8.0
22-Jan-2016 13:52:13.088 INFO [main] org.apache.catalina.startup.VersionLoggerListener.log Command line argument: -Djava.util.logging.config.file=C:\MyJSP\Tomcat 8.0\conf\logging.properties
22-Jan-2016 13:52:13.089 INFO [main] org.apache.catalina.startup.VersionLoggerListener.log Command line argument: -Djava.util.logging.manager=org.apache.juli.ClassLoaderLogManager
22-Jan-2016 13:52:13.089 INFO [main] org.apache.catalina.startup.VersionLoggerListener.log Command line argument: -Djava.endorsed.dirs=C:\MyJSP\Tomcat 8.0\endorsed
22-Jan-2016 13:52:13.089 INFO [main] org.apache.catalina.startup.VersionLoggerListener.log Command line argument: -Dcatalina.base=C:\MyJSP\Tomcat 8.0
22-Jan-2016 13:52:13.089 INFO [main] org.apache.catalina.startup.VersionLoggerListener.log Command line argument: -Dcatalina.home=C:\MyJSP\Tomcat 8.0
22-Jan-2016 13:52:13.089 INFO [main] org.apache.catalina.startup.VersionLoggerListener.log Command line argument: -Djava.io.tmpdir=C:\MyJSP\Tomcat 8.0\temp
22-Jan-2016 13:52:13.090 INFO [main] org.apache.catalina.core.AprLifecycleListener.lifecycleEvent The APR based Apache Tomcat Native library which allows optimal performance in production environments was not found on the java.library.path: C:\Program Files\Java\jdk1.8.0_60\bin;C:\Windows\Sun\Java\bin;C:\Windows\system32;C:\Windows;C:\Applications\Atlassian\atlassian-plugin-sdk-6.1.0\bin;C:\ProgramData\Oracle\Java\javapath;C:\Program Files (x86)\Notepad++;C:\emacs\bin\;C:\Program Files (x86)\GnuWin32\bin; C:\ProgramData\Oracle\Java\javapath;C:\Program Files (x86)\AMD APP\bin\x86_64;C:\Program Files (x86)\AMD APP\bin\x86;C:\Program Files (x86)\Intel\iCLS Client\;C:\Program Files\Intel\iCLS Client\;C:\Windows\system32;C:\Windows;C:\Windows\System32\Wbem;C:\Windows\System32\WindowsPowerShell\v1.0\;C:\Program Files\Intel\WiFi\bin\;C:\Program Files\Common Files\Intel\WirelessCommon\;C:\Program Files\Intel\Intel(R) Management Engine Components\DAL;C:\Program Files (x86)\Intel\Intel(R) Management Engine Components\DAL;C:\Program Files\Intel\Intel(R) Management Engine Components\IPT;C:\Program Files (x86)\Intel\Intel(R) Management Engine Components\IPT;C:\Program Files\Java\jdk1.8.0_60\bin;C:\Program Files (x86)\Git\cmd;C:\Program Files\TortoiseSVN\bin;C:\Program Files\Microsoft SQL Server\Client SDK\ODBC\110\Tools\Binn\;C:\Program Files (x86)\Microsoft SQL Server\120\Tools\Binn\;C:\Program Files\Microsoft SQL Server\120\Tools\Binn\;C:\Program Files\Microsoft SQL Server\120\DTS\Binn\;C:\Maven\apache-maven-3.1.1\bin;C:\Vagrant1.7.4\bin;C:\Program Files\Git\cmd;C:\Program Files\Git\mingw64\bin;C:\Program Files\Git\usr\bin;C:\ProgramData\chocolatey\bin;C:\Program Files (x86)\vim\vim74;C:\Applications\Atlassian\atlassian-plugin-sdk-6.2.2\bin;.
22-Jan-2016 13:52:13.192 INFO [main] org.apache.coyote.AbstractProtocol.init Initializing ProtocolHandler ["http-nio-8080"]
22-Jan-2016 13:52:13.247 INFO [main] org.apache.tomcat.util.net.NioSelectorPool.getSharedSelector Using a shared selector for servlet write/read
22-Jan-2016 13:52:13.249 INFO [main] org.apache.coyote.AbstractProtocol.init Initializing ProtocolHandler ["ajp-nio-8009"]
22-Jan-2016 13:52:13.252 INFO [main] org.apache.tomcat.util.net.NioSelectorPool.getSharedSelector Using a shared selector for servlet write/read
22-Jan-2016 13:52:13.252 INFO [main] org.apache.catalina.startup.Catalina.load Initialization processed in 446 ms
22-Jan-2016 13:52:13.272 INFO [main] org.apache.catalina.core.StandardService.startInternal Starting service Catalina
22-Jan-2016 13:52:13.272 INFO [main] org.apache.catalina.core.StandardEngine.startInternal Starting Servlet Engine: Apache Tomcat/8.0.24
22-Jan-2016 13:52:13.279 INFO [localhost-startStop-1] org.apache.catalina.startup.HostConfig.deployDirectory Deploying web application directory C:\MyJSP\Tomcat 8.0\webapps\docs
22-Jan-2016 13:52:13.561 INFO [localhost-startStop-1] org.apache.catalina.util.SessionIdGeneratorBase.createSecureRandom Creation of SecureRandom instance for session ID generation using [SHA1PRNG] took [108] milliseconds.
22-Jan-2016 13:52:13.578 INFO [localhost-startStop-1] org.apache.catalina.startup.HostConfig.deployDirectory Deployment of web application directory C:\MyJSP\Tomcat 8.0\webapps\docs has finished in 298 ms
22-Jan-2016 13:52:13.581 INFO [localhost-startStop-1] org.apache.catalina.startup.HostConfig.deployDirectory Deploying web application directory C:\MyJSP\Tomcat 8.0\webapps\examples
22-Jan-2016 13:52:13.919 INFO [localhost-startStop-1] org.apache.catalina.startup.HostConfig.deployDirectory Deployment of web application directory C:\MyJSP\Tomcat 8.0\webapps\examples has finished in 338 ms
22-Jan-2016 13:52:13.919 INFO [localhost-startStop-1] org.apache.catalina.startup.HostConfig.deployDirectory Deploying web application directory C:\MyJSP\Tomcat 8.0\webapps\host-manager
22-Jan-2016 13:52:13.944 INFO [localhost-startStop-1] org.apache.catalina.startup.HostConfig.deployDirectory Deployment of web application directory C:\MyJSP\Tomcat 8.0\webapps\host-manager has finished in 25 ms
22-Jan-2016 13:52:13.944 INFO [localhost-startStop-1] org.apache.catalina.startup.HostConfig.deployDirectory Deploying web application directory C:\MyJSP\Tomcat 8.0\webapps\manager
22-Jan-2016 13:52:13.972 INFO [localhost-startStop-1] org.apache.catalina.startup.HostConfig.deployDirectory Deployment of web application directory C:\MyJSP\Tomcat 8.0\webapps\manager has finished in 28 ms
22-Jan-2016 13:52:13.973 INFO [localhost-startStop-1] org.apache.catalina.startup.HostConfig.deployDirectory Deploying web application directory C:\MyJSP\Tomcat 8.0\webapps\ROOT
22-Jan-2016 13:52:13.997 INFO [localhost-startStop-1] org.apache.catalina.startup.HostConfig.deployDirectory Deployment of web application directory C:\MyJSP\Tomcat 8.0\webapps\ROOT has finished in 24 ms
22-Jan-2016 13:52:13.999 INFO [main] org.apache.coyote.AbstractProtocol.start Starting ProtocolHandler ["http-nio-8080"]
22-Jan-2016 13:52:14.005 INFO [main] org.apache.coyote.AbstractProtocol.start Starting ProtocolHandler ["ajp-nio-8009"]
22-Jan-2016 13:52:14.006 INFO [main] org.apache.catalina.startup.Catalina.start Server startup in 753 ms
22-Jan-2016 13:54:09.735 INFO [Thread-5] org.apache.coyote.AbstractProtocol.pause Pausing ProtocolHandler ["http-nio-8080"]
22-Jan-2016 13:54:09.791 INFO [Thread-5] org.apache.coyote.AbstractProtocol.pause Pausing ProtocolHandler ["ajp-nio-8009"]
22-Jan-2016 13:54:09.842 INFO [Thread-5] org.apache.catalina.core.StandardService.stopInternal Stopping service Catalina
22-Jan-2016 13:54:09.875 INFO [Thread-5] org.apache.coyote.AbstractProtocol.stop Stopping ProtocolHandler ["http-nio-8080"]
22-Jan-2016 13:54:09.891 INFO [Thread-5] org.apache.coyote.AbstractProtocol.stop Stopping ProtocolHandler ["ajp-nio-8009"]
22-Jan-2016 13:54:09.892 INFO [Thread-5] org.apache.coyote.AbstractProtocol.destroy Destroying ProtocolHandler ["http-nio-8080"]
22-Jan-2016 13:54:09.892 INFO [Thread-5] org.apache.coyote.AbstractProtocol.destroy Destroying ProtocolHandler ["ajp-nio-8009"]
22-Jan-2016 13:54:13.337 INFO [main] org.apache.catalina.startup.VersionLoggerListener.log Server version:        Apache Tomcat/8.0.24
22-Jan-2016 13:54:13.338 INFO [main] org.apache.catalina.startup.VersionLoggerListener.log Server built:          Jul 1 2015 20:19:55 UTC
22-Jan-2016 13:54:13.338 INFO [main] org.apache.catalina.startup.VersionLoggerListener.log Server number:         8.0.24.0
22-Jan-2016 13:54:13.338 INFO [main] org.apache.catalina.startup.VersionLoggerListener.log OS Name:               Windows 7
22-Jan-2016 13:54:13.338 INFO [main] org.apache.catalina.startup.VersionLoggerListener.log OS Version:            6.1
22-Jan-2016 13:54:13.339 INFO [main] org.apache.catalina.startup.VersionLoggerListener.log Architecture:          amd64
22-Jan-2016 13:54:13.339 INFO [main] org.apache.catalina.startup.VersionLoggerListener.log Java Home:             C:\Program Files\Java\jdk1.8.0_60\jre
22-Jan-2016 13:54:13.339 INFO [main] org.apache.catalina.startup.VersionLoggerListener.log JVM Version:           1.8.0_60-b27
22-Jan-2016 13:54:13.339 INFO [main] org.apache.catalina.startup.VersionLoggerListener.log JVM Vendor:            Oracle Corporation
22-Jan-2016 13:54:13.339 INFO [main] org.apache.catalina.startup.VersionLoggerListener.log CATALINA_BASE:         C:\MyJSP\Tomcat 8.0
22-Jan-2016 13:54:13.340 INFO [main] org.apache.catalina.startup.VersionLoggerListener.log CATALINA_HOME:         C:\MyJSP\Tomcat 8.0
22-Jan-2016 13:54:13.340 INFO [main] org.apache.catalina.startup.VersionLoggerListener.log Command line argument: -Djava.util.logging.config.file=C:\MyJSP\Tomcat 8.0\conf\logging.properties
22-Jan-2016 13:54:13.340 INFO [main] org.apache.catalina.startup.VersionLoggerListener.log Command line argument: -Djava.util.logging.manager=org.apache.juli.ClassLoaderLogManager
22-Jan-2016 13:54:13.340 INFO [main] org.apache.catalina.startup.VersionLoggerListener.log Command line argument: -Djava.endorsed.dirs=C:\MyJSP\Tomcat 8.0\endorsed
22-Jan-2016 13:54:13.340 INFO [main] org.apache.catalina.startup.VersionLoggerListener.log Command line argument: -Dcatalina.base=C:\MyJSP\Tomcat 8.0
22-Jan-2016 13:54:13.341 INFO [main] org.apache.catalina.startup.VersionLoggerListener.log Command line argument: -Dcatalina.home=C:\MyJSP\Tomcat 8.0
22-Jan-2016 13:54:13.341 INFO [main] org.apache.catalina.startup.VersionLoggerListener.log Command line argument: -Djava.io.tmpdir=C:\MyJSP\Tomcat 8.0\temp
22-Jan-2016 13:54:13.341 INFO [main] org.apache.catalina.core.AprLifecycleListener.lifecycleEvent The APR based Apache Tomcat Native library which allows optimal performance in production environments was not found on the java.library.path: C:\Program Files\Java\jdk1.8.0_60\bin;C:\Windows\Sun\Java\bin;C:\Windows\system32;C:\Windows;C:\Applications\Atlassian\atlassian-plugin-sdk-6.1.0\bin;C:\ProgramData\Oracle\Java\javapath;C:\Program Files (x86)\Notepad++;C:\emacs\bin\;C:\Program Files (x86)\GnuWin32\bin; C:\ProgramData\Oracle\Java\javapath;C:\Program Files (x86)\AMD APP\bin\x86_64;C:\Program Files (x86)\AMD APP\bin\x86;C:\Program Files (x86)\Intel\iCLS Client\;C:\Program Files\Intel\iCLS Client\;C:\Windows\system32;C:\Windows;C:\Windows\System32\Wbem;C:\Windows\System32\WindowsPowerShell\v1.0\;C:\Program Files\Intel\WiFi\bin\;C:\Program Files\Common Files\Intel\WirelessCommon\;C:\Program Files\Intel\Intel(R) Management Engine Components\DAL;C:\Program Files (x86)\Intel\Intel(R) Management Engine Components\DAL;C:\Program Files\Intel\Intel(R) Management Engine Components\IPT;C:\Program Files (x86)\Intel\Intel(R) Management Engine Components\IPT;C:\Program Files\Java\jdk1.8.0_60\bin;C:\Program Files (x86)\Git\cmd;C:\Program Files\TortoiseSVN\bin;C:\Program Files\Microsoft SQL Server\Client SDK\ODBC\110\Tools\Binn\;C:\Program Files (x86)\Microsoft SQL Server\120\Tools\Binn\;C:\Program Files\Microsoft SQL Server\120\Tools\Binn\;C:\Program Files\Microsoft SQL Server\120\DTS\Binn\;C:\Maven\apache-maven-3.1.1\bin;C:\Vagrant1.7.4\bin;C:\Program Files\Git\cmd;C:\Program Files\Git\mingw64\bin;C:\Program Files\Git\usr\bin;C:\ProgramData\chocolatey\bin;C:\Program Files (x86)\vim\vim74;C:\Applications\Atlassian\atlassian-plugin-sdk-6.2.2\bin;.
22-Jan-2016 13:54:13.440 INFO [main] org.apache.coyote.AbstractProtocol.init Initializing ProtocolHandler ["http-nio-8080"]
22-Jan-2016 13:54:13.498 INFO [main] org.apache.tomcat.util.net.NioSelectorPool.getSharedSelector Using a shared selector for servlet write/read
22-Jan-2016 13:54:13.500 INFO [main] org.apache.coyote.AbstractProtocol.init Initializing ProtocolHandler ["ajp-nio-8009"]
22-Jan-2016 13:54:13.502 INFO [main] org.apache.tomcat.util.net.NioSelectorPool.getSharedSelector Using a shared selector for servlet write/read
22-Jan-2016 13:54:13.502 INFO [main] org.apache.catalina.startup.Catalina.load Initialization processed in 439 ms
22-Jan-2016 13:54:13.520 INFO [main] org.apache.catalina.core.StandardService.startInternal Starting service Catalina
22-Jan-2016 13:54:13.520 INFO [main] org.apache.catalina.core.StandardEngine.startInternal Starting Servlet Engine: Apache Tomcat/8.0.24
22-Jan-2016 13:54:13.526 INFO [localhost-startStop-1] org.apache.catalina.startup.HostConfig.deployDirectory Deploying web application directory C:\MyJSP\Tomcat 8.0\webapps\docs
22-Jan-2016 13:54:13.809 INFO [localhost-startStop-1] org.apache.catalina.util.SessionIdGeneratorBase.createSecureRandom Creation of SecureRandom instance for session ID generation using [SHA1PRNG] took [106] milliseconds.
22-Jan-2016 13:54:13.824 INFO [localhost-startStop-1] org.apache.catalina.startup.HostConfig.deployDirectory Deployment of web application directory C:\MyJSP\Tomcat 8.0\webapps\docs has finished in 298 ms
22-Jan-2016 13:54:13.825 INFO [localhost-startStop-1] org.apache.catalina.startup.HostConfig.deployDirectory Deploying web application directory C:\MyJSP\Tomcat 8.0\webapps\examples
22-Jan-2016 13:54:14.160 INFO [localhost-startStop-1] org.apache.catalina.startup.HostConfig.deployDirectory Deployment of web application directory C:\MyJSP\Tomcat 8.0\webapps\examples has finished in 335 ms
22-Jan-2016 13:54:14.160 INFO [localhost-startStop-1] org.apache.catalina.startup.HostConfig.deployDirectory Deploying web application directory C:\MyJSP\Tomcat 8.0\webapps\host-manager
22-Jan-2016 13:54:14.189 INFO [localhost-startStop-1] org.apache.catalina.startup.HostConfig.deployDirectory Deployment of web application directory C:\MyJSP\Tomcat 8.0\webapps\host-manager has finished in 29 ms
22-Jan-2016 13:54:14.190 INFO [localhost-startStop-1] org.apache.catalina.startup.HostConfig.deployDirectory Deploying web application directory C:\MyJSP\Tomcat 8.0\webapps\manager
22-Jan-2016 13:54:14.218 INFO [localhost-startStop-1] org.apache.catalina.startup.HostConfig.deployDirectory Deployment of web application directory C:\MyJSP\Tomcat 8.0\webapps\manager has finished in 28 ms
22-Jan-2016 13:54:14.219 INFO [localhost-startStop-1] org.apache.catalina.startup.HostConfig.deployDirectory Deploying web application directory C:\MyJSP\Tomcat 8.0\webapps\ROOT
22-Jan-2016 13:54:14.245 INFO [localhost-startStop-1] org.apache.catalina.startup.HostConfig.deployDirectory Deployment of web application directory C:\MyJSP\Tomcat 8.0\webapps\ROOT has finished in 26 ms
22-Jan-2016 13:54:14.247 INFO [main] org.apache.coyote.AbstractProtocol.start Starting ProtocolHandler ["http-nio-8080"]
22-Jan-2016 13:54:14.253 INFO [main] org.apache.coyote.AbstractProtocol.start Starting ProtocolHandler ["ajp-nio-8009"]
22-Jan-2016 13:54:14.254 INFO [main] org.apache.catalina.startup.Catalina.start Server startup in 751 ms
22-Jan-2016 16:21:01.565 INFO [Thread-5] org.apache.coyote.AbstractProtocol.pause Pausing ProtocolHandler ["http-nio-8080"]
22-Jan-2016 16:21:01.621 INFO [Thread-5] org.apache.coyote.AbstractProtocol.pause Pausing ProtocolHandler ["ajp-nio-8009"]
22-Jan-2016 16:21:01.672 INFO [Thread-5] org.apache.catalina.core.StandardService.stopInternal Stopping service Catalina
22-Jan-2016 16:21:01.704 INFO [Thread-5] org.apache.coyote.AbstractProtocol.stop Stopping ProtocolHandler ["http-nio-8080"]
22-Jan-2016 16:21:01.741 INFO [Thread-5] org.apache.coyote.AbstractProtocol.stop Stopping ProtocolHandler ["ajp-nio-8009"]
22-Jan-2016 16:21:01.742 INFO [Thread-5] org.apache.coyote.AbstractProtocol.destroy Destroying ProtocolHandler ["http-nio-8080"]
22-Jan-2016 16:21:01.743 INFO [Thread-5] org.apache.coyote.AbstractProtocol.destroy Destroying ProtocolHandler ["ajp-nio-8009"]
22-Jan-2016 16:21:05.133 INFO [main] org.apache.catalina.startup.VersionLoggerListener.log Server version:        Apache Tomcat/8.0.24
22-Jan-2016 16:21:05.134 INFO [main] org.apache.catalina.startup.VersionLoggerListener.log Server built:          Jul 1 2015 20:19:55 UTC
22-Jan-2016 16:21:05.134 INFO [main] org.apache.catalina.startup.VersionLoggerListener.log Server number:         8.0.24.0
22-Jan-2016 16:21:05.135 INFO [main] org.apache.catalina.startup.VersionLoggerListener.log OS Name:               Windows 7
22-Jan-2016 16:21:05.135 INFO [main] org.apache.catalina.startup.VersionLoggerListener.log OS Version:            6.1
22-Jan-2016 16:21:05.135 INFO [main] org.apache.catalina.startup.VersionLoggerListener.log Architecture:          amd64
22-Jan-2016 16:21:05.135 INFO [main] org.apache.catalina.startup.VersionLoggerListener.log Java Home:             C:\Program Files\Java\jdk1.8.0_60\jre
22-Jan-2016 16:21:05.136 INFO [main] org.apache.catalina.startup.VersionLoggerListener.log JVM Version:           1.8.0_60-b27
22-Jan-2016 16:21:05.136 INFO [main] org.apache.catalina.startup.VersionLoggerListener.log JVM Vendor:            Oracle Corporation
22-Jan-2016 16:21:05.136 INFO [main] org.apache.catalina.startup.VersionLoggerListener.log CATALINA_BASE:         C:\MyJSP\Tomcat 8.0
22-Jan-2016 16:21:05.136 INFO [main] org.apache.catalina.startup.VersionLoggerListener.log CATALINA_HOME:         C:\MyJSP\Tomcat 8.0
22-Jan-2016 16:21:05.137 INFO [main] org.apache.catalina.startup.VersionLoggerListener.log Command line argument: -Djava.util.logging.config.file=C:\MyJSP\Tomcat 8.0\conf\logging.properties
22-Jan-2016 16:21:05.137 INFO [main] org.apache.catalina.startup.VersionLoggerListener.log Command line argument: -Djava.util.logging.manager=org.apache.juli.ClassLoaderLogManager
22-Jan-2016 16:21:05.137 INFO [main] org.apache.catalina.startup.VersionLoggerListener.log Command line argument: -Djava.endorsed.dirs=C:\MyJSP\Tomcat 8.0\endorsed
22-Jan-2016 16:21:05.137 INFO [main] org.apache.catalina.startup.VersionLoggerListener.log Command line argument: -Dcatalina.base=C:\MyJSP\Tomcat 8.0
22-Jan-2016 16:21:05.137 INFO [main] org.apache.catalina.startup.VersionLoggerListener.log Command line argument: -Dcatalina.home=C:\MyJSP\Tomcat 8.0
22-Jan-2016 16:21:05.137 INFO [main] org.apache.catalina.startup.VersionLoggerListener.log Command line argument: -Djava.io.tmpdir=C:\MyJSP\Tomcat 8.0\temp
22-Jan-2016 16:21:05.138 INFO [main] org.apache.catalina.core.AprLifecycleListener.lifecycleEvent The APR based Apache Tomcat Native library which allows optimal performance in production environments was not found on the java.library.path: C:\Program Files\Java\jdk1.8.0_60\bin;C:\Windows\Sun\Java\bin;C:\Windows\system32;C:\Windows;C:\Applications\Atlassian\atlassian-plugin-sdk-6.1.0\bin;C:\ProgramData\Oracle\Java\javapath;C:\Program Files (x86)\Notepad++;C:\emacs\bin\;C:\Program Files (x86)\GnuWin32\bin; C:\ProgramData\Oracle\Java\javapath;C:\Program Files (x86)\AMD APP\bin\x86_64;C:\Program Files (x86)\AMD APP\bin\x86;C:\Program Files (x86)\Intel\iCLS Client\;C:\Program Files\Intel\iCLS Client\;C:\Windows\system32;C:\Windows;C:\Windows\System32\Wbem;C:\Windows\System32\WindowsPowerShell\v1.0\;C:\Program Files\Intel\WiFi\bin\;C:\Program Files\Common Files\Intel\WirelessCommon\;C:\Program Files\Intel\Intel(R) Management Engine Components\DAL;C:\Program Files (x86)\Intel\Intel(R) Management Engine Components\DAL;C:\Program Files\Intel\Intel(R) Management Engine Components\IPT;C:\Program Files (x86)\Intel\Intel(R) Management Engine Components\IPT;C:\Program Files\Java\jdk1.8.0_60\bin;C:\Program Files (x86)\Git\cmd;C:\Program Files\TortoiseSVN\bin;C:\Program Files\Microsoft SQL Server\Client SDK\ODBC\110\Tools\Binn\;C:\Program Files (x86)\Microsoft SQL Server\120\Tools\Binn\;C:\Program Files\Microsoft SQL Server\120\Tools\Binn\;C:\Program Files\Microsoft SQL Server\120\DTS\Binn\;C:\Maven\apache-maven-3.1.1\bin;C:\Vagrant1.7.4\bin;C:\Program Files\Git\cmd;C:\Program Files\Git\mingw64\bin;C:\Program Files\Git\usr\bin;C:\ProgramData\chocolatey\bin;C:\Program Files (x86)\vim\vim74;C:\Applications\Atlassian\atlassian-plugin-sdk-6.2.2\bin;.
22-Jan-2016 16:21:05.240 INFO [main] org.apache.coyote.AbstractProtocol.init Initializing ProtocolHandler ["http-nio-8080"]
22-Jan-2016 16:21:05.297 INFO [main] org.apache.tomcat.util.net.NioSelectorPool.getSharedSelector Using a shared selector for servlet write/read
22-Jan-2016 16:21:05.300 INFO [main] org.apache.coyote.AbstractProtocol.init Initializing ProtocolHandler ["ajp-nio-8009"]
22-Jan-2016 16:21:05.303 INFO [main] org.apache.tomcat.util.net.NioSelectorPool.getSharedSelector Using a shared selector for servlet write/read
22-Jan-2016 16:21:05.303 INFO [main] org.apache.catalina.startup.Catalina.load Initialization processed in 444 ms
22-Jan-2016 16:21:05.323 INFO [main] org.apache.catalina.core.StandardService.startInternal Starting service Catalina
22-Jan-2016 16:21:05.323 INFO [main] org.apache.catalina.core.StandardEngine.startInternal Starting Servlet Engine: Apache Tomcat/8.0.24
22-Jan-2016 16:21:05.330 INFO [localhost-startStop-1] org.apache.catalina.startup.HostConfig.deployDirectory Deploying web application directory C:\MyJSP\Tomcat 8.0\webapps\docs
22-Jan-2016 16:21:05.621 INFO [localhost-startStop-1] org.apache.catalina.startup.HostConfig.deployDirectory Deployment of web application directory C:\MyJSP\Tomcat 8.0\webapps\docs has finished in 290 ms
22-Jan-2016 16:21:05.621 INFO [localhost-startStop-1] org.apache.catalina.startup.HostConfig.deployDirectory Deploying web application directory C:\MyJSP\Tomcat 8.0\webapps\examples
22-Jan-2016 16:21:05.960 INFO [localhost-startStop-1] org.apache.catalina.startup.HostConfig.deployDirectory Deployment of web application directory C:\MyJSP\Tomcat 8.0\webapps\examples has finished in 339 ms
22-Jan-2016 16:21:05.960 INFO [localhost-startStop-1] org.apache.catalina.startup.HostConfig.deployDirectory Deploying web application directory C:\MyJSP\Tomcat 8.0\webapps\host-manager
22-Jan-2016 16:21:05.989 INFO [localhost-startStop-1] org.apache.catalina.startup.HostConfig.deployDirectory Deployment of web application directory C:\MyJSP\Tomcat 8.0\webapps\host-manager has finished in 29 ms
22-Jan-2016 16:21:05.990 INFO [localhost-startStop-1] org.apache.catalina.startup.HostConfig.deployDirectory Deploying web application directory C:\MyJSP\Tomcat 8.0\webapps\manager
22-Jan-2016 16:21:06.022 INFO [localhost-startStop-1] org.apache.catalina.startup.HostConfig.deployDirectory Deployment of web application directory C:\MyJSP\Tomcat 8.0\webapps\manager has finished in 32 ms
22-Jan-2016 16:21:06.022 INFO [localhost-startStop-1] org.apache.catalina.startup.HostConfig.deployDirectory Deploying web application directory C:\MyJSP\Tomcat 8.0\webapps\ROOT
22-Jan-2016 16:21:06.054 INFO [localhost-startStop-1] org.apache.catalina.startup.HostConfig.deployDirectory Deployment of web application directory C:\MyJSP\Tomcat 8.0\webapps\ROOT has finished in 32 ms
22-Jan-2016 16:21:06.056 INFO [main] org.apache.coyote.AbstractProtocol.start Starting ProtocolHandler ["http-nio-8080"]
22-Jan-2016 16:21:06.061 INFO [main] org.apache.coyote.AbstractProtocol.start Starting ProtocolHandler ["ajp-nio-8009"]
22-Jan-2016 16:21:06.062 INFO [main] org.apache.catalina.startup.Catalina.start Server startup in 758 ms
22-Jan-2016 16:25:33.051 INFO [Thread-5] org.apache.coyote.AbstractProtocol.pause Pausing ProtocolHandler ["http-nio-8080"]
22-Jan-2016 16:25:33.107 INFO [Thread-5] org.apache.coyote.AbstractProtocol.pause Pausing ProtocolHandler ["ajp-nio-8009"]
22-Jan-2016 16:25:33.158 INFO [Thread-5] org.apache.catalina.core.StandardService.stopInternal Stopping service Catalina
22-Jan-2016 16:25:33.196 INFO [Thread-5] org.apache.coyote.AbstractProtocol.stop Stopping ProtocolHandler ["http-nio-8080"]
22-Jan-2016 16:25:33.257 INFO [Thread-5] org.apache.coyote.AbstractProtocol.stop Stopping ProtocolHandler ["ajp-nio-8009"]
22-Jan-2016 16:25:33.258 INFO [Thread-5] org.apache.coyote.AbstractProtocol.destroy Destroying ProtocolHandler ["http-nio-8080"]
22-Jan-2016 16:25:33.258 INFO [Thread-5] org.apache.coyote.AbstractProtocol.destroy Destroying ProtocolHandler ["ajp-nio-8009"]
22-Jan-2016 16:25:35.818 INFO [main] org.apache.catalina.startup.VersionLoggerListener.log Server version:        Apache Tomcat/8.0.24
22-Jan-2016 16:25:35.819 INFO [main] org.apache.catalina.startup.VersionLoggerListener.log Server built:          Jul 1 2015 20:19:55 UTC
22-Jan-2016 16:25:35.819 INFO [main] org.apache.catalina.startup.VersionLoggerListener.log Server number:         8.0.24.0
22-Jan-2016 16:25:35.820 INFO [main] org.apache.catalina.startup.VersionLoggerListener.log OS Name:               Windows 7
22-Jan-2016 16:25:35.820 INFO [main] org.apache.catalina.startup.VersionLoggerListener.log OS Version:            6.1
22-Jan-2016 16:25:35.820 INFO [main] org.apache.catalina.startup.VersionLoggerListener.log Architecture:          amd64
22-Jan-2016 16:25:35.820 INFO [main] org.apache.catalina.startup.VersionLoggerListener.log Java Home:             C:\Program Files\Java\jdk1.8.0_60\jre
22-Jan-2016 16:25:35.820 INFO [main] org.apache.catalina.startup.VersionLoggerListener.log JVM Version:           1.8.0_60-b27
22-Jan-2016 16:25:35.821 INFO [main] org.apache.catalina.startup.VersionLoggerListener.log JVM Vendor:            Oracle Corporation
22-Jan-2016 16:25:35.821 INFO [main] org.apache.catalina.startup.VersionLoggerListener.log CATALINA_BASE:         C:\MyJSP\Tomcat 8.0
22-Jan-2016 16:25:35.821 INFO [main] org.apache.catalina.startup.VersionLoggerListener.log CATALINA_HOME:         C:\MyJSP\Tomcat 8.0
22-Jan-2016 16:25:35.822 INFO [main] org.apache.catalina.startup.VersionLoggerListener.log Command line argument: -Djava.util.logging.config.file=C:\MyJSP\Tomcat 8.0\conf\logging.properties
22-Jan-2016 16:25:35.822 INFO [main] org.apache.catalina.startup.VersionLoggerListener.log Command line argument: -Djava.util.logging.manager=org.apache.juli.ClassLoaderLogManager
22-Jan-2016 16:25:35.822 INFO [main] org.apache.catalina.startup.VersionLoggerListener.log Command line argument: -Djava.endorsed.dirs=C:\MyJSP\Tomcat 8.0\endorsed
22-Jan-2016 16:25:35.822 INFO [main] org.apache.catalina.startup.VersionLoggerListener.log Command line argument: -Dcatalina.base=C:\MyJSP\Tomcat 8.0
22-Jan-2016 16:25:35.823 INFO [main] org.apache.catalina.startup.VersionLoggerListener.log Command line argument: -Dcatalina.home=C:\MyJSP\Tomcat 8.0
22-Jan-2016 16:25:35.823 INFO [main] org.apache.catalina.startup.VersionLoggerListener.log Command line argument: -Djava.io.tmpdir=C:\MyJSP\Tomcat 8.0\temp
22-Jan-2016 16:25:35.823 INFO [main] org.apache.catalina.core.AprLifecycleListener.lifecycleEvent The APR based Apache Tomcat Native library which allows optimal performance in production environments was not found on the java.library.path: C:\Program Files\Java\jdk1.8.0_60\bin;C:\Windows\Sun\Java\bin;C:\Windows\system32;C:\Windows;C:\Applications\Atlassian\atlassian-plugin-sdk-6.1.0\bin;C:\ProgramData\Oracle\Java\javapath;C:\Program Files (x86)\Notepad++;C:\emacs\bin\;C:\Program Files (x86)\GnuWin32\bin; C:\ProgramData\Oracle\Java\javapath;C:\Program Files (x86)\AMD APP\bin\x86_64;C:\Program Files (x86)\AMD APP\bin\x86;C:\Program Files (x86)\Intel\iCLS Client\;C:\Program Files\Intel\iCLS Client\;C:\Windows\system32;C:\Windows;C:\Windows\System32\Wbem;C:\Windows\System32\WindowsPowerShell\v1.0\;C:\Program Files\Intel\WiFi\bin\;C:\Program Files\Common Files\Intel\WirelessCommon\;C:\Program Files\Intel\Intel(R) Management Engine Components\DAL;C:\Program Files (x86)\Intel\Intel(R) Management Engine Components\DAL;C:\Program Files\Intel\Intel(R) Management Engine Components\IPT;C:\Program Files (x86)\Intel\Intel(R) Management Engine Components\IPT;C:\Program Files\Java\jdk1.8.0_60\bin;C:\Program Files (x86)\Git\cmd;C:\Program Files\TortoiseSVN\bin;C:\Program Files\Microsoft SQL Server\Client SDK\ODBC\110\Tools\Binn\;C:\Program Files (x86)\Microsoft SQL Server\120\Tools\Binn\;C:\Program Files\Microsoft SQL Server\120\Tools\Binn\;C:\Program Files\Microsoft SQL Server\120\DTS\Binn\;C:\Maven\apache-maven-3.1.1\bin;C:\Vagrant1.7.4\bin;C:\Program Files\Git\cmd;C:\Program Files\Git\mingw64\bin;C:\Program Files\Git\usr\bin;C:\ProgramData\chocolatey\bin;C:\Program Files (x86)\vim\vim74;C:\Applications\Atlassian\atlassian-plugin-sdk-6.2.2\bin;.
22-Jan-2016 16:25:35.931 INFO [main] org.apache.coyote.AbstractProtocol.init Initializing ProtocolHandler ["http-nio-8080"]
22-Jan-2016 16:25:35.985 INFO [main] org.apache.tomcat.util.net.NioSelectorPool.getSharedSelector Using a shared selector for servlet write/read
22-Jan-2016 16:25:35.987 INFO [main] org.apache.coyote.AbstractProtocol.init Initializing ProtocolHandler ["ajp-nio-8009"]
22-Jan-2016 16:25:35.989 INFO [main] org.apache.tomcat.util.net.NioSelectorPool.getSharedSelector Using a shared selector for servlet write/read
22-Jan-2016 16:25:35.989 INFO [main] org.apache.catalina.startup.Catalina.load Initialization processed in 446 ms
22-Jan-2016 16:25:36.006 INFO [main] org.apache.catalina.core.StandardService.startInternal Starting service Catalina
22-Jan-2016 16:25:36.007 INFO [main] org.apache.catalina.core.StandardEngine.startInternal Starting Servlet Engine: Apache Tomcat/8.0.24
22-Jan-2016 16:25:36.013 INFO [localhost-startStop-1] org.apache.catalina.startup.HostConfig.deployDirectory Deploying web application directory C:\MyJSP\Tomcat 8.0\webapps\docs
22-Jan-2016 16:25:36.308 INFO [localhost-startStop-1] org.apache.catalina.startup.HostConfig.deployDirectory Deployment of web application directory C:\MyJSP\Tomcat 8.0\webapps\docs has finished in 294 ms
22-Jan-2016 16:25:36.308 INFO [localhost-startStop-1] org.apache.catalina.startup.HostConfig.deployDirectory Deploying web application directory C:\MyJSP\Tomcat 8.0\webapps\examples
22-Jan-2016 16:25:36.665 INFO [localhost-startStop-1] org.apache.catalina.startup.HostConfig.deployDirectory Deployment of web application directory C:\MyJSP\Tomcat 8.0\webapps\examples has finished in 357 ms
22-Jan-2016 16:25:36.666 INFO [localhost-startStop-1] org.apache.catalina.startup.HostConfig.deployDirectory Deploying web application directory C:\MyJSP\Tomcat 8.0\webapps\host-manager
22-Jan-2016 16:25:36.691 INFO [localhost-startStop-1] org.apache.catalina.startup.HostConfig.deployDirectory Deployment of web application directory C:\MyJSP\Tomcat 8.0\webapps\host-manager has finished in 25 ms
22-Jan-2016 16:25:36.692 INFO [localhost-startStop-1] org.apache.catalina.startup.HostConfig.deployDirectory Deploying web application directory C:\MyJSP\Tomcat 8.0\webapps\manager
22-Jan-2016 16:25:36.720 INFO [localhost-startStop-1] org.apache.catalina.startup.HostConfig.deployDirectory Deployment of web application directory C:\MyJSP\Tomcat 8.0\webapps\manager has finished in 28 ms
22-Jan-2016 16:25:36.721 INFO [localhost-startStop-1] org.apache.catalina.startup.HostConfig.deployDirectory Deploying web application directory C:\MyJSP\Tomcat 8.0\webapps\ROOT
22-Jan-2016 16:25:36.752 INFO [localhost-startStop-1] org.apache.catalina.startup.HostConfig.deployDirectory Deployment of web application directory C:\MyJSP\Tomcat 8.0\webapps\ROOT has finished in 32 ms
22-Jan-2016 16:25:36.754 INFO [main] org.apache.coyote.AbstractProtocol.start Starting ProtocolHandler ["http-nio-8080"]
22-Jan-2016 16:25:36.759 INFO [main] org.apache.coyote.AbstractProtocol.start Starting ProtocolHandler ["ajp-nio-8009"]
22-Jan-2016 16:25:36.760 INFO [main] org.apache.catalina.startup.Catalina.start Server startup in 771 ms
