21-Jan-2016 09:21:59.743 INFO [main] org.apache.catalina.startup.VersionLoggerListener.log Server version:        Apache Tomcat/8.0.24
21-Jan-2016 09:21:59.745 INFO [main] org.apache.catalina.startup.VersionLoggerListener.log Server built:          Jul 1 2015 20:19:55 UTC
21-Jan-2016 09:21:59.745 INFO [main] org.apache.catalina.startup.VersionLoggerListener.log Server number:         8.0.24.0
21-Jan-2016 09:21:59.745 INFO [main] org.apache.catalina.startup.VersionLoggerListener.log OS Name:               Windows 7
21-Jan-2016 09:21:59.745 INFO [main] org.apache.catalina.startup.VersionLoggerListener.log OS Version:            6.1
21-Jan-2016 09:21:59.746 INFO [main] org.apache.catalina.startup.VersionLoggerListener.log Architecture:          amd64
21-Jan-2016 09:21:59.746 INFO [main] org.apache.catalina.startup.VersionLoggerListener.log Java Home:             C:\Program Files\Java\jdk1.8.0_60\jre
21-Jan-2016 09:21:59.746 INFO [main] org.apache.catalina.startup.VersionLoggerListener.log JVM Version:           1.8.0_60-b27
21-Jan-2016 09:21:59.746 INFO [main] org.apache.catalina.startup.VersionLoggerListener.log JVM Vendor:            Oracle Corporation
21-Jan-2016 09:21:59.746 INFO [main] org.apache.catalina.startup.VersionLoggerListener.log CATALINA_BASE:         C:\MyJSP\Tomcat 8.0
21-Jan-2016 09:21:59.746 INFO [main] org.apache.catalina.startup.VersionLoggerListener.log CATALINA_HOME:         C:\MyJSP\Tomcat 8.0
21-Jan-2016 09:21:59.747 INFO [main] org.apache.catalina.startup.VersionLoggerListener.log Command line argument: -Djava.util.logging.config.file=C:\MyJSP\Tomcat 8.0\conf\logging.properties
21-Jan-2016 09:21:59.747 INFO [main] org.apache.catalina.startup.VersionLoggerListener.log Command line argument: -Djava.util.logging.manager=org.apache.juli.ClassLoaderLogManager
21-Jan-2016 09:21:59.747 INFO [main] org.apache.catalina.startup.VersionLoggerListener.log Command line argument: -Djava.endorsed.dirs=C:\MyJSP\Tomcat 8.0\endorsed
21-Jan-2016 09:21:59.748 INFO [main] org.apache.catalina.startup.VersionLoggerListener.log Command line argument: -Dcatalina.base=C:\MyJSP\Tomcat 8.0
21-Jan-2016 09:21:59.748 INFO [main] org.apache.catalina.startup.VersionLoggerListener.log Command line argument: -Dcatalina.home=C:\MyJSP\Tomcat 8.0
21-Jan-2016 09:21:59.748 INFO [main] org.apache.catalina.startup.VersionLoggerListener.log Command line argument: -Djava.io.tmpdir=C:\MyJSP\Tomcat 8.0\temp
21-Jan-2016 09:21:59.748 INFO [main] org.apache.catalina.core.AprLifecycleListener.lifecycleEvent The APR based Apache Tomcat Native library which allows optimal performance in production environments was not found on the java.library.path: C:\Program Files\Java\jdk1.8.0_60\bin;C:\Windows\Sun\Java\bin;C:\Windows\system32;C:\Windows;C:\Applications\Atlassian\atlassian-plugin-sdk-6.1.0\bin;C:\ProgramData\Oracle\Java\javapath;C:\Program Files (x86)\Notepad++;C:\emacs\bin\;C:\Program Files (x86)\GnuWin32\bin; C:\ProgramData\Oracle\Java\javapath;C:\Program Files (x86)\AMD APP\bin\x86_64;C:\Program Files (x86)\AMD APP\bin\x86;C:\Program Files (x86)\Intel\iCLS Client\;C:\Program Files\Intel\iCLS Client\;C:\Windows\system32;C:\Windows;C:\Windows\System32\Wbem;C:\Windows\System32\WindowsPowerShell\v1.0\;C:\Program Files\Intel\WiFi\bin\;C:\Program Files\Common Files\Intel\WirelessCommon\;C:\Program Files\Intel\Intel(R) Management Engine Components\DAL;C:\Program Files (x86)\Intel\Intel(R) Management Engine Components\DAL;C:\Program Files\Intel\Intel(R) Management Engine Components\IPT;C:\Program Files (x86)\Intel\Intel(R) Management Engine Components\IPT;C:\Program Files\Java\jdk1.8.0_60\bin;C:\Program Files (x86)\Git\cmd;C:\Program Files\TortoiseSVN\bin;C:\Program Files\Microsoft SQL Server\Client SDK\ODBC\110\Tools\Binn\;C:\Program Files (x86)\Microsoft SQL Server\120\Tools\Binn\;C:\Program Files\Microsoft SQL Server\120\Tools\Binn\;C:\Program Files\Microsoft SQL Server\120\DTS\Binn\;C:\Maven\apache-maven-3.1.1\bin;C:\Vagrant1.7.4\bin;C:\Program Files\Git\cmd;C:\Program Files\Git\mingw64\bin;C:\Program Files\Git\usr\bin;C:\ProgramData\chocolatey\bin;C:\Program Files (x86)\vim\vim74;C:\Applications\Atlassian\atlassian-plugin-sdk-6.2.2\bin;.
21-Jan-2016 09:22:00.049 INFO [main] org.apache.coyote.AbstractProtocol.init Initializing ProtocolHandler ["http-nio-8080"]
21-Jan-2016 09:22:00.133 INFO [main] org.apache.tomcat.util.net.NioSelectorPool.getSharedSelector Using a shared selector for servlet write/read
21-Jan-2016 09:22:00.135 INFO [main] org.apache.coyote.AbstractProtocol.init Initializing ProtocolHandler ["ajp-nio-8009"]
21-Jan-2016 09:22:00.137 INFO [main] org.apache.tomcat.util.net.NioSelectorPool.getSharedSelector Using a shared selector for servlet write/read
21-Jan-2016 09:22:00.137 INFO [main] org.apache.catalina.startup.Catalina.load Initialization processed in 803 ms
21-Jan-2016 09:22:00.158 INFO [main] org.apache.catalina.core.StandardService.startInternal Starting service Catalina
21-Jan-2016 09:22:00.159 INFO [main] org.apache.catalina.core.StandardEngine.startInternal Starting Servlet Engine: Apache Tomcat/8.0.24
21-Jan-2016 09:22:00.167 INFO [localhost-startStop-1] org.apache.catalina.startup.HostConfig.deployDirectory Deploying web application directory C:\MyJSP\Tomcat 8.0\webapps\docs
21-Jan-2016 09:22:00.465 INFO [localhost-startStop-1] org.apache.catalina.util.SessionIdGeneratorBase.createSecureRandom Creation of SecureRandom instance for session ID generation using [SHA1PRNG] took [116] milliseconds.
21-Jan-2016 09:22:00.481 INFO [localhost-startStop-1] org.apache.catalina.startup.HostConfig.deployDirectory Deployment of web application directory C:\MyJSP\Tomcat 8.0\webapps\docs has finished in 314 ms
21-Jan-2016 09:22:00.482 INFO [localhost-startStop-1] org.apache.catalina.startup.HostConfig.deployDirectory Deploying web application directory C:\MyJSP\Tomcat 8.0\webapps\examples
21-Jan-2016 09:22:00.809 INFO [localhost-startStop-1] org.apache.catalina.startup.HostConfig.deployDirectory Deployment of web application directory C:\MyJSP\Tomcat 8.0\webapps\examples has finished in 327 ms
21-Jan-2016 09:22:00.810 INFO [localhost-startStop-1] org.apache.catalina.startup.HostConfig.deployDirectory Deploying web application directory C:\MyJSP\Tomcat 8.0\webapps\host-manager
21-Jan-2016 09:22:00.842 INFO [localhost-startStop-1] org.apache.catalina.startup.HostConfig.deployDirectory Deployment of web application directory C:\MyJSP\Tomcat 8.0\webapps\host-manager has finished in 31 ms
21-Jan-2016 09:22:00.842 INFO [localhost-startStop-1] org.apache.catalina.startup.HostConfig.deployDirectory Deploying web application directory C:\MyJSP\Tomcat 8.0\webapps\manager
21-Jan-2016 09:22:00.869 INFO [localhost-startStop-1] org.apache.catalina.startup.HostConfig.deployDirectory Deployment of web application directory C:\MyJSP\Tomcat 8.0\webapps\manager has finished in 27 ms
21-Jan-2016 09:22:00.869 INFO [localhost-startStop-1] org.apache.catalina.startup.HostConfig.deployDirectory Deploying web application directory C:\MyJSP\Tomcat 8.0\webapps\ROOT
21-Jan-2016 09:22:00.895 INFO [localhost-startStop-1] org.apache.catalina.startup.HostConfig.deployDirectory Deployment of web application directory C:\MyJSP\Tomcat 8.0\webapps\ROOT has finished in 26 ms
21-Jan-2016 09:22:00.898 INFO [main] org.apache.coyote.AbstractProtocol.start Starting ProtocolHandler ["http-nio-8080"]
21-Jan-2016 09:22:00.904 INFO [main] org.apache.coyote.AbstractProtocol.start Starting ProtocolHandler ["ajp-nio-8009"]
21-Jan-2016 09:22:00.905 INFO [main] org.apache.catalina.startup.Catalina.start Server startup in 767 ms
21-Jan-2016 10:50:55.871 INFO [main] org.apache.catalina.startup.VersionLoggerListener.log Server version:        Apache Tomcat/8.0.24
21-Jan-2016 10:50:55.872 INFO [main] org.apache.catalina.startup.VersionLoggerListener.log Server built:          Jul 1 2015 20:19:55 UTC
21-Jan-2016 10:50:55.873 INFO [main] org.apache.catalina.startup.VersionLoggerListener.log Server number:         8.0.24.0
21-Jan-2016 10:50:55.873 INFO [main] org.apache.catalina.startup.VersionLoggerListener.log OS Name:               Windows 7
21-Jan-2016 10:50:55.873 INFO [main] org.apache.catalina.startup.VersionLoggerListener.log OS Version:            6.1
21-Jan-2016 10:50:55.873 INFO [main] org.apache.catalina.startup.VersionLoggerListener.log Architecture:          amd64
21-Jan-2016 10:50:55.873 INFO [main] org.apache.catalina.startup.VersionLoggerListener.log Java Home:             C:\Program Files\Java\jdk1.8.0_60\jre
21-Jan-2016 10:50:55.874 INFO [main] org.apache.catalina.startup.VersionLoggerListener.log JVM Version:           1.8.0_60-b27
21-Jan-2016 10:50:55.874 INFO [main] org.apache.catalina.startup.VersionLoggerListener.log JVM Vendor:            Oracle Corporation
21-Jan-2016 10:50:55.874 INFO [main] org.apache.catalina.startup.VersionLoggerListener.log CATALINA_BASE:         C:\MyJSP\Tomcat 8.0
21-Jan-2016 10:50:55.874 INFO [main] org.apache.catalina.startup.VersionLoggerListener.log CATALINA_HOME:         C:\MyJSP\Tomcat 8.0
21-Jan-2016 10:50:55.874 INFO [main] org.apache.catalina.startup.VersionLoggerListener.log Command line argument: -Djava.util.logging.config.file=C:\MyJSP\Tomcat 8.0\conf\logging.properties
21-Jan-2016 10:50:55.874 INFO [main] org.apache.catalina.startup.VersionLoggerListener.log Command line argument: -Djava.util.logging.manager=org.apache.juli.ClassLoaderLogManager
21-Jan-2016 10:50:55.875 INFO [main] org.apache.catalina.startup.VersionLoggerListener.log Command line argument: -Djava.endorsed.dirs=C:\MyJSP\Tomcat 8.0\endorsed
21-Jan-2016 10:50:55.875 INFO [main] org.apache.catalina.startup.VersionLoggerListener.log Command line argument: -Dcatalina.base=C:\MyJSP\Tomcat 8.0
21-Jan-2016 10:50:55.875 INFO [main] org.apache.catalina.startup.VersionLoggerListener.log Command line argument: -Dcatalina.home=C:\MyJSP\Tomcat 8.0
21-Jan-2016 10:50:55.875 INFO [main] org.apache.catalina.startup.VersionLoggerListener.log Command line argument: -Djava.io.tmpdir=C:\MyJSP\Tomcat 8.0\temp
21-Jan-2016 10:50:55.875 INFO [main] org.apache.catalina.core.AprLifecycleListener.lifecycleEvent The APR based Apache Tomcat Native library which allows optimal performance in production environments was not found on the java.library.path: C:\Program Files\Java\jdk1.8.0_60\bin;C:\Windows\Sun\Java\bin;C:\Windows\system32;C:\Windows;C:\Applications\Atlassian\atlassian-plugin-sdk-6.1.0\bin;C:\ProgramData\Oracle\Java\javapath;C:\Program Files (x86)\Notepad++;C:\emacs\bin\;C:\Program Files (x86)\GnuWin32\bin; C:\ProgramData\Oracle\Java\javapath;C:\Program Files (x86)\AMD APP\bin\x86_64;C:\Program Files (x86)\AMD APP\bin\x86;C:\Program Files (x86)\Intel\iCLS Client\;C:\Program Files\Intel\iCLS Client\;C:\Windows\system32;C:\Windows;C:\Windows\System32\Wbem;C:\Windows\System32\WindowsPowerShell\v1.0\;C:\Program Files\Intel\WiFi\bin\;C:\Program Files\Common Files\Intel\WirelessCommon\;C:\Program Files\Intel\Intel(R) Management Engine Components\DAL;C:\Program Files (x86)\Intel\Intel(R) Management Engine Components\DAL;C:\Program Files\Intel\Intel(R) Management Engine Components\IPT;C:\Program Files (x86)\Intel\Intel(R) Management Engine Components\IPT;C:\Program Files\Java\jdk1.8.0_60\bin;C:\Program Files (x86)\Git\cmd;C:\Program Files\TortoiseSVN\bin;C:\Program Files\Microsoft SQL Server\Client SDK\ODBC\110\Tools\Binn\;C:\Program Files (x86)\Microsoft SQL Server\120\Tools\Binn\;C:\Program Files\Microsoft SQL Server\120\Tools\Binn\;C:\Program Files\Microsoft SQL Server\120\DTS\Binn\;C:\Maven\apache-maven-3.1.1\bin;C:\Vagrant1.7.4\bin;C:\Program Files\Git\cmd;C:\Program Files\Git\mingw64\bin;C:\Program Files\Git\usr\bin;C:\ProgramData\chocolatey\bin;C:\Program Files (x86)\vim\vim74;C:\Applications\Atlassian\atlassian-plugin-sdk-6.2.2\bin;.
21-Jan-2016 10:50:55.990 INFO [main] org.apache.coyote.AbstractProtocol.init Initializing ProtocolHandler ["http-nio-8080"]
21-Jan-2016 10:50:56.047 INFO [main] org.apache.tomcat.util.net.NioSelectorPool.getSharedSelector Using a shared selector for servlet write/read
21-Jan-2016 10:50:56.050 INFO [main] org.apache.coyote.AbstractProtocol.init Initializing ProtocolHandler ["ajp-nio-8009"]
21-Jan-2016 10:50:56.053 INFO [main] org.apache.tomcat.util.net.NioSelectorPool.getSharedSelector Using a shared selector for servlet write/read
21-Jan-2016 10:50:56.054 INFO [main] org.apache.catalina.startup.Catalina.load Initialization processed in 476 ms
21-Jan-2016 10:50:56.074 INFO [main] org.apache.catalina.core.StandardService.startInternal Starting service Catalina
21-Jan-2016 10:50:56.075 INFO [main] org.apache.catalina.core.StandardEngine.startInternal Starting Servlet Engine: Apache Tomcat/8.0.24
21-Jan-2016 10:50:56.082 INFO [localhost-startStop-1] org.apache.catalina.startup.HostConfig.deployDirectory Deploying web application directory C:\MyJSP\Tomcat 8.0\webapps\docs
21-Jan-2016 10:50:56.373 INFO [localhost-startStop-1] org.apache.catalina.util.SessionIdGeneratorBase.createSecureRandom Creation of SecureRandom instance for session ID generation using [SHA1PRNG] took [110] milliseconds.
21-Jan-2016 10:50:56.389 INFO [localhost-startStop-1] org.apache.catalina.startup.HostConfig.deployDirectory Deployment of web application directory C:\MyJSP\Tomcat 8.0\webapps\docs has finished in 308 ms
21-Jan-2016 10:50:56.390 INFO [localhost-startStop-1] org.apache.catalina.startup.HostConfig.deployDirectory Deploying web application directory C:\MyJSP\Tomcat 8.0\webapps\examples
21-Jan-2016 10:50:56.718 INFO [localhost-startStop-1] org.apache.catalina.startup.HostConfig.deployDirectory Deployment of web application directory C:\MyJSP\Tomcat 8.0\webapps\examples has finished in 328 ms
21-Jan-2016 10:50:56.719 INFO [localhost-startStop-1] org.apache.catalina.startup.HostConfig.deployDirectory Deploying web application directory C:\MyJSP\Tomcat 8.0\webapps\host-manager
21-Jan-2016 10:50:56.748 INFO [localhost-startStop-1] org.apache.catalina.startup.HostConfig.deployDirectory Deployment of web application directory C:\MyJSP\Tomcat 8.0\webapps\host-manager has finished in 29 ms
21-Jan-2016 10:50:56.749 INFO [localhost-startStop-1] org.apache.catalina.startup.HostConfig.deployDirectory Deploying web application directory C:\MyJSP\Tomcat 8.0\webapps\manager
21-Jan-2016 10:50:56.776 INFO [localhost-startStop-1] org.apache.catalina.startup.HostConfig.deployDirectory Deployment of web application directory C:\MyJSP\Tomcat 8.0\webapps\manager has finished in 27 ms
21-Jan-2016 10:50:56.776 INFO [localhost-startStop-1] org.apache.catalina.startup.HostConfig.deployDirectory Deploying web application directory C:\MyJSP\Tomcat 8.0\webapps\ROOT
21-Jan-2016 10:50:56.804 INFO [localhost-startStop-1] org.apache.catalina.startup.HostConfig.deployDirectory Deployment of web application directory C:\MyJSP\Tomcat 8.0\webapps\ROOT has finished in 28 ms
21-Jan-2016 10:50:56.806 INFO [main] org.apache.coyote.AbstractProtocol.start Starting ProtocolHandler ["http-nio-8080"]
21-Jan-2016 10:50:56.812 INFO [main] org.apache.coyote.AbstractProtocol.start Starting ProtocolHandler ["ajp-nio-8009"]
21-Jan-2016 10:50:56.814 INFO [main] org.apache.catalina.startup.Catalina.start Server startup in 759 ms
21-Jan-2016 11:27:31.357 INFO [Thread-5] org.apache.coyote.AbstractProtocol.pause Pausing ProtocolHandler ["http-nio-8080"]
21-Jan-2016 11:27:31.419 INFO [Thread-5] org.apache.coyote.AbstractProtocol.pause Pausing ProtocolHandler ["ajp-nio-8009"]
21-Jan-2016 11:27:31.470 INFO [Thread-5] org.apache.catalina.core.StandardService.stopInternal Stopping service Catalina
21-Jan-2016 11:27:31.508 INFO [Thread-5] org.apache.coyote.AbstractProtocol.stop Stopping ProtocolHandler ["http-nio-8080"]
21-Jan-2016 11:27:31.510 INFO [Thread-5] org.apache.coyote.AbstractProtocol.stop Stopping ProtocolHandler ["ajp-nio-8009"]
21-Jan-2016 11:27:31.513 INFO [Thread-5] org.apache.coyote.AbstractProtocol.destroy Destroying ProtocolHandler ["http-nio-8080"]
21-Jan-2016 11:27:31.514 INFO [Thread-5] org.apache.coyote.AbstractProtocol.destroy Destroying ProtocolHandler ["ajp-nio-8009"]
21-Jan-2016 11:27:34.064 INFO [main] org.apache.catalina.startup.VersionLoggerListener.log Server version:        Apache Tomcat/8.0.24
21-Jan-2016 11:27:34.065 INFO [main] org.apache.catalina.startup.VersionLoggerListener.log Server built:          Jul 1 2015 20:19:55 UTC
21-Jan-2016 11:27:34.065 INFO [main] org.apache.catalina.startup.VersionLoggerListener.log Server number:         8.0.24.0
21-Jan-2016 11:27:34.066 INFO [main] org.apache.catalina.startup.VersionLoggerListener.log OS Name:               Windows 7
21-Jan-2016 11:27:34.066 INFO [main] org.apache.catalina.startup.VersionLoggerListener.log OS Version:            6.1
21-Jan-2016 11:27:34.066 INFO [main] org.apache.catalina.startup.VersionLoggerListener.log Architecture:          amd64
21-Jan-2016 11:27:34.066 INFO [main] org.apache.catalina.startup.VersionLoggerListener.log Java Home:             C:\Program Files\Java\jdk1.8.0_60\jre
21-Jan-2016 11:27:34.066 INFO [main] org.apache.catalina.startup.VersionLoggerListener.log JVM Version:           1.8.0_60-b27
21-Jan-2016 11:27:34.067 INFO [main] org.apache.catalina.startup.VersionLoggerListener.log JVM Vendor:            Oracle Corporation
21-Jan-2016 11:27:34.067 INFO [main] org.apache.catalina.startup.VersionLoggerListener.log CATALINA_BASE:         C:\MyJSP\Tomcat 8.0
21-Jan-2016 11:27:34.067 INFO [main] org.apache.catalina.startup.VersionLoggerListener.log CATALINA_HOME:         C:\MyJSP\Tomcat 8.0
21-Jan-2016 11:27:34.067 INFO [main] org.apache.catalina.startup.VersionLoggerListener.log Command line argument: -Djava.util.logging.config.file=C:\MyJSP\Tomcat 8.0\conf\logging.properties
21-Jan-2016 11:27:34.067 INFO [main] org.apache.catalina.startup.VersionLoggerListener.log Command line argument: -Djava.util.logging.manager=org.apache.juli.ClassLoaderLogManager
21-Jan-2016 11:27:34.068 INFO [main] org.apache.catalina.startup.VersionLoggerListener.log Command line argument: -Djava.endorsed.dirs=C:\MyJSP\Tomcat 8.0\endorsed
21-Jan-2016 11:27:34.068 INFO [main] org.apache.catalina.startup.VersionLoggerListener.log Command line argument: -Dcatalina.base=C:\MyJSP\Tomcat 8.0
21-Jan-2016 11:27:34.068 INFO [main] org.apache.catalina.startup.VersionLoggerListener.log Command line argument: -Dcatalina.home=C:\MyJSP\Tomcat 8.0
21-Jan-2016 11:27:34.068 INFO [main] org.apache.catalina.startup.VersionLoggerListener.log Command line argument: -Djava.io.tmpdir=C:\MyJSP\Tomcat 8.0\temp
21-Jan-2016 11:27:34.068 INFO [main] org.apache.catalina.core.AprLifecycleListener.lifecycleEvent The APR based Apache Tomcat Native library which allows optimal performance in production environments was not found on the java.library.path: C:\Program Files\Java\jdk1.8.0_60\bin;C:\Windows\Sun\Java\bin;C:\Windows\system32;C:\Windows;C:\Applications\Atlassian\atlassian-plugin-sdk-6.1.0\bin;C:\ProgramData\Oracle\Java\javapath;C:\Program Files (x86)\Notepad++;C:\emacs\bin\;C:\Program Files (x86)\GnuWin32\bin; C:\ProgramData\Oracle\Java\javapath;C:\Program Files (x86)\AMD APP\bin\x86_64;C:\Program Files (x86)\AMD APP\bin\x86;C:\Program Files (x86)\Intel\iCLS Client\;C:\Program Files\Intel\iCLS Client\;C:\Windows\system32;C:\Windows;C:\Windows\System32\Wbem;C:\Windows\System32\WindowsPowerShell\v1.0\;C:\Program Files\Intel\WiFi\bin\;C:\Program Files\Common Files\Intel\WirelessCommon\;C:\Program Files\Intel\Intel(R) Management Engine Components\DAL;C:\Program Files (x86)\Intel\Intel(R) Management Engine Components\DAL;C:\Program Files\Intel\Intel(R) Management Engine Components\IPT;C:\Program Files (x86)\Intel\Intel(R) Management Engine Components\IPT;C:\Program Files\Java\jdk1.8.0_60\bin;C:\Program Files (x86)\Git\cmd;C:\Program Files\TortoiseSVN\bin;C:\Program Files\Microsoft SQL Server\Client SDK\ODBC\110\Tools\Binn\;C:\Program Files (x86)\Microsoft SQL Server\120\Tools\Binn\;C:\Program Files\Microsoft SQL Server\120\Tools\Binn\;C:\Program Files\Microsoft SQL Server\120\DTS\Binn\;C:\Maven\apache-maven-3.1.1\bin;C:\Vagrant1.7.4\bin;C:\Program Files\Git\cmd;C:\Program Files\Git\mingw64\bin;C:\Program Files\Git\usr\bin;C:\ProgramData\chocolatey\bin;C:\Program Files (x86)\vim\vim74;C:\Applications\Atlassian\atlassian-plugin-sdk-6.2.2\bin;.
21-Jan-2016 11:27:34.179 INFO [main] org.apache.coyote.AbstractProtocol.init Initializing ProtocolHandler ["http-nio-8080"]
21-Jan-2016 11:27:34.234 INFO [main] org.apache.tomcat.util.net.NioSelectorPool.getSharedSelector Using a shared selector for servlet write/read
21-Jan-2016 11:27:34.236 INFO [main] org.apache.coyote.AbstractProtocol.init Initializing ProtocolHandler ["ajp-nio-8009"]
21-Jan-2016 11:27:34.237 INFO [main] org.apache.tomcat.util.net.NioSelectorPool.getSharedSelector Using a shared selector for servlet write/read
21-Jan-2016 11:27:34.238 INFO [main] org.apache.catalina.startup.Catalina.load Initialization processed in 459 ms
21-Jan-2016 11:27:34.256 INFO [main] org.apache.catalina.core.StandardService.startInternal Starting service Catalina
21-Jan-2016 11:27:34.256 INFO [main] org.apache.catalina.core.StandardEngine.startInternal Starting Servlet Engine: Apache Tomcat/8.0.24
21-Jan-2016 11:27:34.264 INFO [localhost-startStop-1] org.apache.catalina.startup.HostConfig.deployDirectory Deploying web application directory C:\MyJSP\Tomcat 8.0\webapps\docs
21-Jan-2016 11:27:34.543 INFO [localhost-startStop-1] org.apache.catalina.util.SessionIdGeneratorBase.createSecureRandom Creation of SecureRandom instance for session ID generation using [SHA1PRNG] took [105] milliseconds.
21-Jan-2016 11:27:34.559 INFO [localhost-startStop-1] org.apache.catalina.startup.HostConfig.deployDirectory Deployment of web application directory C:\MyJSP\Tomcat 8.0\webapps\docs has finished in 295 ms
21-Jan-2016 11:27:34.560 INFO [localhost-startStop-1] org.apache.catalina.startup.HostConfig.deployDirectory Deploying web application directory C:\MyJSP\Tomcat 8.0\webapps\examples
21-Jan-2016 11:27:34.901 INFO [localhost-startStop-1] org.apache.catalina.startup.HostConfig.deployDirectory Deployment of web application directory C:\MyJSP\Tomcat 8.0\webapps\examples has finished in 341 ms
21-Jan-2016 11:27:34.901 INFO [localhost-startStop-1] org.apache.catalina.startup.HostConfig.deployDirectory Deploying web application directory C:\MyJSP\Tomcat 8.0\webapps\host-manager
21-Jan-2016 11:27:34.930 INFO [localhost-startStop-1] org.apache.catalina.startup.HostConfig.deployDirectory Deployment of web application directory C:\MyJSP\Tomcat 8.0\webapps\host-manager has finished in 29 ms
21-Jan-2016 11:27:34.931 INFO [localhost-startStop-1] org.apache.catalina.startup.HostConfig.deployDirectory Deploying web application directory C:\MyJSP\Tomcat 8.0\webapps\manager
21-Jan-2016 11:27:34.958 INFO [localhost-startStop-1] org.apache.catalina.startup.HostConfig.deployDirectory Deployment of web application directory C:\MyJSP\Tomcat 8.0\webapps\manager has finished in 28 ms
21-Jan-2016 11:27:34.959 INFO [localhost-startStop-1] org.apache.catalina.startup.HostConfig.deployDirectory Deploying web application directory C:\MyJSP\Tomcat 8.0\webapps\ROOT
21-Jan-2016 11:27:34.983 INFO [localhost-startStop-1] org.apache.catalina.startup.HostConfig.deployDirectory Deployment of web application directory C:\MyJSP\Tomcat 8.0\webapps\ROOT has finished in 24 ms
21-Jan-2016 11:27:34.988 INFO [main] org.apache.coyote.AbstractProtocol.start Starting ProtocolHandler ["http-nio-8080"]
21-Jan-2016 11:27:34.994 INFO [main] org.apache.coyote.AbstractProtocol.start Starting ProtocolHandler ["ajp-nio-8009"]
21-Jan-2016 11:27:34.995 INFO [main] org.apache.catalina.startup.Catalina.start Server startup in 757 ms
